[4.696s] Invoking command in '/home/ryan/aeroprint/src/my_package': PYTHONPATH=/home/ryan/aeroprint/build/my_package/prefix_override:/home/ryan/aeroprint/install/my_package/lib/python3.8/site-packages:${PYTHONPATH} /usr/bin/python3 setup.py egg_info --egg-base ../../build/my_package build --build-base /home/ryan/aeroprint/build/my_package/build install --record /home/ryan/aeroprint/build/my_package/install.log --install-scripts $base/lib/my_package --single-version-externally-managed
[5.183s] running egg_info
[5.188s] writing ../../build/my_package/my_package.egg-info/PKG-INFO
[5.188s] writing dependency_links to ../../build/my_package/my_package.egg-info/dependency_links.txt
[5.189s] writing entry points to ../../build/my_package/my_package.egg-info/entry_points.txt
[5.189s] writing requirements to ../../build/my_package/my_package.egg-info/requires.txt
[5.189s] writing top-level names to ../../build/my_package/my_package.egg-info/top_level.txt
[5.262s] reading manifest file '../../build/my_package/my_package.egg-info/SOURCES.txt'
[5.265s] writing manifest file '../../build/my_package/my_package.egg-info/SOURCES.txt'
[5.266s] running build
[5.267s] running build_py
[5.270s] running install
[5.272s] running install_lib
[5.275s] running install_data
[5.276s] running install_egg_info
[5.281s] removing '/home/ryan/aeroprint/install/my_package/lib/python3.8/site-packages/my_package-0.0.0-py3.8.egg-info' (and everything under it)
[5.282s] Copying ../../build/my_package/my_package.egg-info to /home/ryan/aeroprint/install/my_package/lib/python3.8/site-packages/my_package-0.0.0-py3.8.egg-info
[5.284s] running install_scripts
[5.319s] Installing my_node script to /home/ryan/aeroprint/install/my_package/lib/my_package
[5.321s] writing list of installed files to '/home/ryan/aeroprint/build/my_package/install.log'
[5.358s] Invoked command in '/home/ryan/aeroprint/src/my_package' returned '0': PYTHONPATH=/home/ryan/aeroprint/build/my_package/prefix_override:/home/ryan/aeroprint/install/my_package/lib/python3.8/site-packages:${PYTHONPATH} /usr/bin/python3 setup.py egg_info --egg-base ../../build/my_package build --build-base /home/ryan/aeroprint/build/my_package/build install --record /home/ryan/aeroprint/build/my_package/install.log --install-scripts $base/lib/my_package --single-version-externally-managed
