[1.736s] Invoking command in '/home/ryan/aeroprint/src/my_package': PYTHONPATH=/home/ryan/aeroprint/build/my_package/prefix_override:/home/ryan/aeroprint/install/my_package/lib/python3.8/site-packages:${PYTHONPATH} /usr/bin/python3 setup.py egg_info --egg-base ../../build/my_package build --build-base /home/ryan/aeroprint/build/my_package/build install --record /home/ryan/aeroprint/build/my_package/install.log --install-scripts $base/lib/my_package --single-version-externally-managed
[1.973s] running egg_info
[1.973s] creating ../../build/my_package/my_package.egg-info
[1.974s] writing ../../build/my_package/my_package.egg-info/PKG-INFO
[1.975s] writing dependency_links to ../../build/my_package/my_package.egg-info/dependency_links.txt
[1.975s] writing entry points to ../../build/my_package/my_package.egg-info/entry_points.txt
[1.975s] writing requirements to ../../build/my_package/my_package.egg-info/requires.txt
[1.976s] writing top-level names to ../../build/my_package/my_package.egg-info/top_level.txt
[1.977s] writing manifest file '../../build/my_package/my_package.egg-info/SOURCES.txt'
[2.012s] reading manifest file '../../build/my_package/my_package.egg-info/SOURCES.txt'
[2.013s] writing manifest file '../../build/my_package/my_package.egg-info/SOURCES.txt'
[2.013s] running build
[2.018s] running build_py
[2.018s] creating /home/ryan/aeroprint/build/my_package/build
[2.018s] creating /home/ryan/aeroprint/build/my_package/build/lib
[2.018s] creating /home/ryan/aeroprint/build/my_package/build/lib/my_package
[2.018s] copying my_package/my_node.py -> /home/ryan/aeroprint/build/my_package/build/lib/my_package
[2.018s] copying my_package/__init__.py -> /home/ryan/aeroprint/build/my_package/build/lib/my_package
[2.018s] running install
[2.019s] running install_lib
[2.019s] creating /home/ryan/aeroprint/install/my_package/lib/python3.8/site-packages/my_package
[2.019s] copying /home/ryan/aeroprint/build/my_package/build/lib/my_package/my_node.py -> /home/ryan/aeroprint/install/my_package/lib/python3.8/site-packages/my_package
[2.019s] copying /home/ryan/aeroprint/build/my_package/build/lib/my_package/__init__.py -> /home/ryan/aeroprint/install/my_package/lib/python3.8/site-packages/my_package
[2.019s] byte-compiling /home/ryan/aeroprint/install/my_package/lib/python3.8/site-packages/my_package/my_node.py to my_node.cpython-38.pyc
[2.019s] byte-compiling /home/ryan/aeroprint/install/my_package/lib/python3.8/site-packages/my_package/__init__.py to __init__.cpython-38.pyc
[2.019s] running install_data
[2.020s] creating /home/ryan/aeroprint/install/my_package/share/ament_index
[2.020s] creating /home/ryan/aeroprint/install/my_package/share/ament_index/resource_index
[2.020s] creating /home/ryan/aeroprint/install/my_package/share/ament_index/resource_index/packages
[2.020s] copying resource/my_package -> /home/ryan/aeroprint/install/my_package/share/ament_index/resource_index/packages
[2.020s] copying package.xml -> /home/ryan/aeroprint/install/my_package/share/my_package
[2.020s] running install_egg_info
[2.022s] Copying ../../build/my_package/my_package.egg-info to /home/ryan/aeroprint/install/my_package/lib/python3.8/site-packages/my_package-0.0.0-py3.8.egg-info
[2.022s] running install_scripts
[2.040s] Installing my_node script to /home/ryan/aeroprint/install/my_package/lib/my_package
[2.041s] writing list of installed files to '/home/ryan/aeroprint/build/my_package/install.log'
[2.063s] Invoked command in '/home/ryan/aeroprint/src/my_package' returned '0': PYTHONPATH=/home/ryan/aeroprint/build/my_package/prefix_override:/home/ryan/aeroprint/install/my_package/lib/python3.8/site-packages:${PYTHONPATH} /usr/bin/python3 setup.py egg_info --egg-base ../../build/my_package build --build-base /home/ryan/aeroprint/build/my_package/build install --record /home/ryan/aeroprint/build/my_package/install.log --install-scripts $base/lib/my_package --single-version-externally-managed
