[5.339s] DEBUG:colcon:Command line arguments: ['/usr/bin/colcon', 'build']
[5.339s] DEBUG:colcon:Parsed command line arguments: Namespace(allow_overriding=[], ament_cmake_args=None, base_paths=['.'], build_base='build', catkin_cmake_args=None, catkin_skip_building_tests=False, cmake_args=None, cmake_clean_cache=False, cmake_clean_first=False, cmake_force_configure=False, cmake_target=None, cmake_target_skip_unavailable=False, continue_on_error=False, event_handlers=None, executor='parallel', ignore_user_meta=False, install_base='install', log_base=None, log_level=None, main=<bound method BuildVerb.main of <colcon_core.verb.build.BuildVerb object at 0x7fdd8a464b80>>, merge_install=False, metas=['./colcon.meta'], packages_above=None, packages_above_and_dependencies=None, packages_above_depth=None, packages_end=None, packages_ignore=None, packages_ignore_regex=None, packages_select=None, packages_select_build_failed=False, packages_select_by_dep=None, packages_select_regex=None, packages_select_test_failures=False, packages_skip=None, packages_skip_build_finished=False, packages_skip_by_dep=None, packages_skip_regex=None, packages_skip_test_passed=False, packages_skip_up_to=None, packages_start=None, packages_up_to=None, packages_up_to_regex=None, parallel_workers=16, paths=None, symlink_install=False, test_result_base=None, verb_extension=<colcon_core.verb.build.BuildVerb object at 0x7fdd8a464b80>, verb_name='build', verb_parser=<colcon_defaults.argument_parser.defaults.DefaultArgumentsDecorator object at 0x7fdd8a4641c0>)
[5.621s] Level 1:colcon.colcon_core.package_discovery:discover_packages(colcon_meta) check parameters
[5.621s] Level 1:colcon.colcon_core.package_discovery:discover_packages(recursive) check parameters
[5.621s] Level 1:colcon.colcon_core.package_discovery:discover_packages(ignore) check parameters
[5.621s] Level 1:colcon.colcon_core.package_discovery:discover_packages(path) check parameters
[5.621s] Level 1:colcon.colcon_core.package_discovery:discover_packages(colcon_meta) discover
[5.621s] Level 1:colcon.colcon_core.package_discovery:discover_packages(recursive) discover
[5.621s] INFO:colcon.colcon_core.package_discovery:Crawling recursively for packages in '/home/ryan/aeroprint'
[5.621s] Level 1:colcon.colcon_core.package_identification:_identify(.) by extensions ['ignore', 'ignore_ament_install']
[5.621s] Level 1:colcon.colcon_core.package_identification:_identify(.) by extension 'ignore'
[5.622s] Level 1:colcon.colcon_core.package_identification:_identify(.) by extension 'ignore_ament_install'
[5.622s] Level 1:colcon.colcon_core.package_identification:_identify(.) by extensions ['colcon_pkg']
[5.622s] Level 1:colcon.colcon_core.package_identification:_identify(.) by extension 'colcon_pkg'
[5.622s] Level 1:colcon.colcon_core.package_identification:_identify(.) by extensions ['colcon_meta']
[5.622s] Level 1:colcon.colcon_core.package_identification:_identify(.) by extension 'colcon_meta'
[5.622s] Level 1:colcon.colcon_core.package_identification:_identify(.) by extensions ['ros']
[5.622s] Level 1:colcon.colcon_core.package_identification:_identify(.) by extension 'ros'
[5.633s] Level 1:colcon.colcon_core.package_identification:_identify(.) by extensions ['cmake', 'python']
[5.633s] Level 1:colcon.colcon_core.package_identification:_identify(.) by extension 'cmake'
[5.633s] Level 1:colcon.colcon_core.package_identification:_identify(.) by extension 'python'
[5.633s] Level 1:colcon.colcon_core.package_identification:_identify(.) by extensions ['python_setup_py']
[5.633s] Level 1:colcon.colcon_core.package_identification:_identify(.) by extension 'python_setup_py'
[5.633s] Level 1:colcon.colcon_core.package_identification:_identify(build) by extensions ['ignore', 'ignore_ament_install']
[5.633s] Level 1:colcon.colcon_core.package_identification:_identify(build) by extension 'ignore'
[5.633s] Level 1:colcon.colcon_core.package_identification:_identify(build) ignored
[5.633s] Level 1:colcon.colcon_core.package_identification:_identify(install) by extensions ['ignore', 'ignore_ament_install']
[5.634s] Level 1:colcon.colcon_core.package_identification:_identify(install) by extension 'ignore'
[5.634s] Level 1:colcon.colcon_core.package_identification:_identify(install) ignored
[5.634s] Level 1:colcon.colcon_core.package_identification:_identify(log) by extensions ['ignore', 'ignore_ament_install']
[5.634s] Level 1:colcon.colcon_core.package_identification:_identify(log) by extension 'ignore'
[5.634s] Level 1:colcon.colcon_core.package_identification:_identify(log) ignored
[5.634s] Level 1:colcon.colcon_core.package_identification:_identify(src) by extensions ['ignore', 'ignore_ament_install']
[5.634s] Level 1:colcon.colcon_core.package_identification:_identify(src) by extension 'ignore'
[5.634s] Level 1:colcon.colcon_core.package_identification:_identify(src) by extension 'ignore_ament_install'
[5.634s] Level 1:colcon.colcon_core.package_identification:_identify(src) by extensions ['colcon_pkg']
[5.634s] Level 1:colcon.colcon_core.package_identification:_identify(src) by extension 'colcon_pkg'
[5.634s] Level 1:colcon.colcon_core.package_identification:_identify(src) by extensions ['colcon_meta']
[5.634s] Level 1:colcon.colcon_core.package_identification:_identify(src) by extension 'colcon_meta'
[5.634s] Level 1:colcon.colcon_core.package_identification:_identify(src) by extensions ['ros']
[5.634s] Level 1:colcon.colcon_core.package_identification:_identify(src) by extension 'ros'
[5.634s] Level 1:colcon.colcon_core.package_identification:_identify(src) by extensions ['cmake', 'python']
[5.634s] Level 1:colcon.colcon_core.package_identification:_identify(src) by extension 'cmake'
[5.634s] Level 1:colcon.colcon_core.package_identification:_identify(src) by extension 'python'
[5.634s] Level 1:colcon.colcon_core.package_identification:_identify(src) by extensions ['python_setup_py']
[5.634s] Level 1:colcon.colcon_core.package_identification:_identify(src) by extension 'python_setup_py'
[5.634s] Level 1:colcon.colcon_core.package_identification:_identify(src/my_package) by extensions ['ignore', 'ignore_ament_install']
[5.634s] Level 1:colcon.colcon_core.package_identification:_identify(src/my_package) by extension 'ignore'
[5.635s] Level 1:colcon.colcon_core.package_identification:_identify(src/my_package) by extension 'ignore_ament_install'
[5.635s] Level 1:colcon.colcon_core.package_identification:_identify(src/my_package) by extensions ['colcon_pkg']
[5.635s] Level 1:colcon.colcon_core.package_identification:_identify(src/my_package) by extension 'colcon_pkg'
[5.635s] Level 1:colcon.colcon_core.package_identification:_identify(src/my_package) by extensions ['colcon_meta']
[5.635s] Level 1:colcon.colcon_core.package_identification:_identify(src/my_package) by extension 'colcon_meta'
[5.635s] Level 1:colcon.colcon_core.package_identification:_identify(src/my_package) by extensions ['ros']
[5.635s] Level 1:colcon.colcon_core.package_identification:_identify(src/my_package) by extension 'ros'
[5.637s] DEBUG:colcon.colcon_core.package_identification:Package 'src/my_package' with type 'ros.ament_python' and name 'my_package'
[5.637s] Level 1:colcon.colcon_core.package_discovery:discover_packages(recursive) using defaults
[5.637s] Level 1:colcon.colcon_core.package_discovery:discover_packages(ignore) discover
[5.637s] Level 1:colcon.colcon_core.package_discovery:discover_packages(ignore) using defaults
[5.637s] Level 1:colcon.colcon_core.package_discovery:discover_packages(path) discover
[5.637s] Level 1:colcon.colcon_core.package_discovery:discover_packages(path) using defaults
[6.175s] Level 1:colcon.colcon_core.package_discovery:discover_packages(prefix_path) check parameters
[6.175s] Level 1:colcon.colcon_core.package_discovery:discover_packages(prefix_path) discover
[6.367s] DEBUG:colcon.colcon_installed_package_information.package_discovery:Found 256 installed packages in /opt/ros/foxy
[6.369s] Level 1:colcon.colcon_core.package_discovery:discover_packages(prefix_path) using defaults
[6.630s] Level 5:colcon.colcon_core.verb:set package 'my_package' build argument 'cmake_args' from command line to 'None'
[6.631s] Level 5:colcon.colcon_core.verb:set package 'my_package' build argument 'cmake_target' from command line to 'None'
[6.631s] Level 5:colcon.colcon_core.verb:set package 'my_package' build argument 'cmake_target_skip_unavailable' from command line to 'False'
[6.631s] Level 5:colcon.colcon_core.verb:set package 'my_package' build argument 'cmake_clean_cache' from command line to 'False'
[6.631s] Level 5:colcon.colcon_core.verb:set package 'my_package' build argument 'cmake_clean_first' from command line to 'False'
[6.631s] Level 5:colcon.colcon_core.verb:set package 'my_package' build argument 'cmake_force_configure' from command line to 'False'
[6.631s] Level 5:colcon.colcon_core.verb:set package 'my_package' build argument 'ament_cmake_args' from command line to 'None'
[6.631s] Level 5:colcon.colcon_core.verb:set package 'my_package' build argument 'catkin_cmake_args' from command line to 'None'
[6.631s] Level 5:colcon.colcon_core.verb:set package 'my_package' build argument 'catkin_skip_building_tests' from command line to 'False'
[6.631s] DEBUG:colcon.colcon_core.verb:Building package 'my_package' with the following arguments: {'ament_cmake_args': None, 'build_base': '/home/ryan/aeroprint/build/my_package', 'catkin_cmake_args': None, 'catkin_skip_building_tests': False, 'cmake_args': None, 'cmake_clean_cache': False, 'cmake_clean_first': False, 'cmake_force_configure': False, 'cmake_target': None, 'cmake_target_skip_unavailable': False, 'install_base': '/home/ryan/aeroprint/install/my_package', 'merge_install': False, 'path': '/home/ryan/aeroprint/src/my_package', 'symlink_install': False, 'test_result_base': None}
[6.744s] INFO:colcon.colcon_core.executor:Executing jobs using 'parallel' executor
[6.851s] DEBUG:colcon.colcon_parallel_executor.executor.parallel:run_until_complete
[6.852s] INFO:colcon.colcon_ros.task.ament_python.build:Building ROS package in '/home/ryan/aeroprint/src/my_package' with build type 'ament_python'
[6.852s] Level 1:colcon.colcon_core.shell:create_environment_hook('my_package', 'ament_prefix_path')
[6.970s] INFO:colcon.colcon_core.plugin_system:Skipping extension 'colcon_core.shell.bat': Not used on non-Windows systems
[6.970s] INFO:colcon.colcon_core.shell:Creating environment hook '/home/ryan/aeroprint/install/my_package/share/my_package/hook/ament_prefix_path.ps1'
[6.971s] INFO:colcon.colcon_core.shell:Creating environment descriptor '/home/ryan/aeroprint/install/my_package/share/my_package/hook/ament_prefix_path.dsv'
[6.971s] INFO:colcon.colcon_core.shell:Creating environment hook '/home/ryan/aeroprint/install/my_package/share/my_package/hook/ament_prefix_path.sh'
[7.078s] INFO:colcon.colcon_core.shell:Skip shell extension 'powershell' for command environment: Not usable outside of PowerShell
[7.078s] DEBUG:colcon.colcon_core.shell:Skip shell extension 'dsv' for command environment
[7.575s] INFO:colcon.colcon_core.task.python.build:Building Python package in '/home/ryan/aeroprint/src/my_package'
[7.696s] INFO:colcon.colcon_core.shell:Skip shell extension 'powershell' for command environment: Not usable outside of PowerShell
[7.696s] DEBUG:colcon.colcon_core.shell:Skip shell extension 'dsv' for command environment
[8.589s] DEBUG:colcon.colcon_core.event_handler.log_command:Invoking command in '/home/ryan/aeroprint/src/my_package': PYTHONPATH=/home/ryan/aeroprint/build/my_package/prefix_override:/home/ryan/aeroprint/install/my_package/lib/python3.8/site-packages:${PYTHONPATH} /usr/bin/python3 setup.py egg_info --egg-base ../../build/my_package build --build-base /home/ryan/aeroprint/build/my_package/build install --record /home/ryan/aeroprint/build/my_package/install.log --install-scripts $base/lib/my_package --single-version-externally-managed
[8.915s] DEBUG:colcon.colcon_core.event_handler.log_command:Invoked command in '/home/ryan/aeroprint/src/my_package' returned '0': PYTHONPATH=/home/ryan/aeroprint/build/my_package/prefix_override:/home/ryan/aeroprint/install/my_package/lib/python3.8/site-packages:${PYTHONPATH} /usr/bin/python3 setup.py egg_info --egg-base ../../build/my_package build --build-base /home/ryan/aeroprint/build/my_package/build install --record /home/ryan/aeroprint/build/my_package/install.log --install-scripts $base/lib/my_package --single-version-externally-managed
[9.015s] Level 1:colcon.colcon_core.environment:checking '/home/ryan/aeroprint/install/my_package' for CMake module files
[9.016s] Level 1:colcon.colcon_core.environment:checking '/home/ryan/aeroprint/install/my_package' for CMake config files
[9.017s] Level 1:colcon.colcon_core.environment:checking '/home/ryan/aeroprint/install/my_package/lib'
[9.017s] Level 1:colcon.colcon_core.environment:checking '/home/ryan/aeroprint/install/my_package/bin'
[9.017s] Level 1:colcon.colcon_core.environment:checking '/home/ryan/aeroprint/install/my_package/lib/pkgconfig/my_package.pc'
[9.017s] Level 1:colcon.colcon_core.environment:checking '/home/ryan/aeroprint/install/my_package/lib/python3.8/site-packages'
[9.017s] Level 1:colcon.colcon_core.shell:create_environment_hook('my_package', 'pythonpath')
[9.123s] INFO:colcon.colcon_core.shell:Creating environment hook '/home/ryan/aeroprint/install/my_package/share/my_package/hook/pythonpath.ps1'
[9.123s] INFO:colcon.colcon_core.shell:Creating environment descriptor '/home/ryan/aeroprint/install/my_package/share/my_package/hook/pythonpath.dsv'
[9.124s] INFO:colcon.colcon_core.shell:Creating environment hook '/home/ryan/aeroprint/install/my_package/share/my_package/hook/pythonpath.sh'
[9.124s] Level 1:colcon.colcon_core.environment:checking '/home/ryan/aeroprint/install/my_package/bin'
[9.124s] Level 1:colcon.colcon_core.environment:create_environment_scripts_only(my_package)
[9.231s] INFO:colcon.colcon_core.shell:Creating package script '/home/ryan/aeroprint/install/my_package/share/my_package/package.ps1'
[9.232s] INFO:colcon.colcon_core.shell:Creating package descriptor '/home/ryan/aeroprint/install/my_package/share/my_package/package.dsv'
[9.233s] INFO:colcon.colcon_core.shell:Creating package script '/home/ryan/aeroprint/install/my_package/share/my_package/package.sh'
[9.234s] INFO:colcon.colcon_core.shell:Creating package script '/home/ryan/aeroprint/install/my_package/share/my_package/package.bash'
[9.236s] INFO:colcon.colcon_core.shell:Creating package script '/home/ryan/aeroprint/install/my_package/share/my_package/package.zsh'
[9.236s] Level 1:colcon.colcon_core.environment:create_file_with_runtime_dependencies(/home/ryan/aeroprint/install/my_package/share/colcon-core/packages/my_package)
[9.237s] DEBUG:colcon.colcon_parallel_executor.executor.parallel:closing loop
[9.238s] DEBUG:colcon.colcon_parallel_executor.executor.parallel:loop closed
[9.238s] DEBUG:colcon.colcon_parallel_executor.executor.parallel:run_until_complete finished with '0'
[9.238s] DEBUG:colcon.colcon_core.event_reactor:joining thread
[9.372s] INFO:colcon.colcon_core.plugin_system:Skipping extension 'colcon_notification.desktop_notification.notify_send': Could not find 'notify-send'
[9.372s] INFO:colcon.colcon_core.plugin_system:Skipping extension 'colcon_notification.desktop_notification.terminal_notifier': Not used on non-Darwin systems
[9.373s] INFO:colcon.colcon_core.plugin_system:Skipping extension 'colcon_notification.desktop_notification.win32': Not used on non-Windows systems
[9.373s] INFO:colcon.colcon_notification.desktop_notification:Sending desktop notification using 'notify2'
[9.374s] DEBUG:colcon.colcon_notification.desktop_notification.notify2:Failed to initialize notify2: org.freedesktop.DBus.Error.ServiceUnknown: The name org.freedesktop.Notifications was not provided by any .service files
[9.374s] DEBUG:colcon.colcon_core.event_reactor:joined thread
[9.463s] INFO:colcon.colcon_core.shell:Creating prefix script '/home/ryan/aeroprint/install/local_setup.ps1'
[9.464s] INFO:colcon.colcon_core.shell:Creating prefix util module '/home/ryan/aeroprint/install/_local_setup_util_ps1.py'
[9.466s] INFO:colcon.colcon_core.shell:Creating prefix chain script '/home/ryan/aeroprint/install/setup.ps1'
[9.554s] INFO:colcon.colcon_core.shell:Creating prefix script '/home/ryan/aeroprint/install/local_setup.sh'
[9.555s] INFO:colcon.colcon_core.shell:Creating prefix util module '/home/ryan/aeroprint/install/_local_setup_util_sh.py'
[9.555s] INFO:colcon.colcon_core.shell:Creating prefix chain script '/home/ryan/aeroprint/install/setup.sh'
[9.640s] INFO:colcon.colcon_core.shell:Creating prefix script '/home/ryan/aeroprint/install/local_setup.bash'
[9.640s] INFO:colcon.colcon_core.shell:Creating prefix chain script '/home/ryan/aeroprint/install/setup.bash'
[9.726s] INFO:colcon.colcon_core.shell:Creating prefix script '/home/ryan/aeroprint/install/local_setup.zsh'
[9.727s] INFO:colcon.colcon_core.shell:Creating prefix chain script '/home/ryan/aeroprint/install/setup.zsh'
