running egg_info
creating ../../build/aeroprint/aeroprint.egg-info
writing ../../build/aeroprint/aeroprint.egg-info/PKG-INFO
writing dependency_links to ../../build/aeroprint/aeroprint.egg-info/dependency_links.txt
writing entry points to ../../build/aeroprint/aeroprint.egg-info/entry_points.txt
writing requirements to ../../build/aeroprint/aeroprint.egg-info/requires.txt
writing top-level names to ../../build/aeroprint/aeroprint.egg-info/top_level.txt
writing manifest file '../../build/aeroprint/aeroprint.egg-info/SOURCES.txt'
reading manifest file '../../build/aeroprint/aeroprint.egg-info/SOURCES.txt'
writing manifest file '../../build/aeroprint/aeroprint.egg-info/SOURCES.txt'
running build
running build_py
creating /home/ryan/aeroprint/build/aeroprint/build
creating /home/ryan/aeroprint/build/aeroprint/build/lib
creating /home/ryan/aeroprint/build/aeroprint/build/lib/aeroprint
copying aeroprint/starling_fc.py -> /home/ryan/aeroprint/build/aeroprint/build/lib/aeroprint
copying aeroprint/__init__.py -> /home/ryan/aeroprint/build/aeroprint/build/lib/aeroprint
running install
running install_lib
creating /home/ryan/aeroprint/install/aeroprint/lib/python3.8/site-packages/aeroprint
copying /home/ryan/aeroprint/build/aeroprint/build/lib/aeroprint/starling_fc.py -> /home/ryan/aeroprint/install/aeroprint/lib/python3.8/site-packages/aeroprint
copying /home/ryan/aeroprint/build/aeroprint/build/lib/aeroprint/__init__.py -> /home/ryan/aeroprint/install/aeroprint/lib/python3.8/site-packages/aeroprint
byte-compiling /home/ryan/aeroprint/install/aeroprint/lib/python3.8/site-packages/aeroprint/starling_fc.py to starling_fc.cpython-38.pyc
byte-compiling /home/ryan/aeroprint/install/aeroprint/lib/python3.8/site-packages/aeroprint/__init__.py to __init__.cpython-38.pyc
running install_data
creating /home/ryan/aeroprint/install/aeroprint/share
creating /home/ryan/aeroprint/install/aeroprint/share/ament_index
creating /home/ryan/aeroprint/install/aeroprint/share/ament_index/resource_index
creating /home/ryan/aeroprint/install/aeroprint/share/ament_index/resource_index/packages
copying resource/aeroprint -> /home/ryan/aeroprint/install/aeroprint/share/ament_index/resource_index/packages
creating /home/ryan/aeroprint/install/aeroprint/share/aeroprint
copying package.xml -> /home/ryan/aeroprint/install/aeroprint/share/aeroprint
running install_egg_info
Copying ../../build/aeroprint/aeroprint.egg-info to /home/ryan/aeroprint/install/aeroprint/lib/python3.8/site-packages/aeroprint-0.0.0-py3.8.egg-info
running install_scripts
Installing starling_fc script to /home/ryan/aeroprint/install/aeroprint/lib/aeroprint
writing list of installed files to '/home/ryan/aeroprint/build/aeroprint/install.log'
