[4.068s] Invoking command in '/home/ryan/aeroprint/src/aeroprint': PYTHONPATH=/home/ryan/aeroprint/build/aeroprint/prefix_override:/home/ryan/aeroprint/install/aeroprint/lib/python3.8/site-packages:${PYTHONPATH} /usr/bin/python3 setup.py egg_info --egg-base ../../build/aeroprint build --build-base /home/ryan/aeroprint/build/aeroprint/build install --record /home/ryan/aeroprint/build/aeroprint/install.log --install-scripts $base/lib/aeroprint --single-version-externally-managed
[4.673s] running egg_info
[4.674s] creating ../../build/aeroprint/aeroprint.egg-info
[4.675s] writing ../../build/aeroprint/aeroprint.egg-info/PKG-INFO
[4.675s] writing dependency_links to ../../build/aeroprint/aeroprint.egg-info/dependency_links.txt
[4.676s] writing entry points to ../../build/aeroprint/aeroprint.egg-info/entry_points.txt
[4.676s] writing requirements to ../../build/aeroprint/aeroprint.egg-info/requires.txt
[4.677s] writing top-level names to ../../build/aeroprint/aeroprint.egg-info/top_level.txt
[4.679s] writing manifest file '../../build/aeroprint/aeroprint.egg-info/SOURCES.txt'
[4.771s] reading manifest file '../../build/aeroprint/aeroprint.egg-info/SOURCES.txt'
[4.773s] writing manifest file '../../build/aeroprint/aeroprint.egg-info/SOURCES.txt'
[4.773s] running build
[4.774s] running build_py
[4.774s] creating /home/ryan/aeroprint/build/aeroprint/build
[4.775s] creating /home/ryan/aeroprint/build/aeroprint/build/lib
[4.776s] creating /home/ryan/aeroprint/build/aeroprint/build/lib/aeroprint
[4.776s] copying aeroprint/starling_fc.py -> /home/ryan/aeroprint/build/aeroprint/build/lib/aeroprint
[4.776s] copying aeroprint/__init__.py -> /home/ryan/aeroprint/build/aeroprint/build/lib/aeroprint
[4.776s] running install
[4.777s] running install_lib
[4.779s] creating /home/ryan/aeroprint/install/aeroprint/lib/python3.8/site-packages/aeroprint
[4.780s] copying /home/ryan/aeroprint/build/aeroprint/build/lib/aeroprint/starling_fc.py -> /home/ryan/aeroprint/install/aeroprint/lib/python3.8/site-packages/aeroprint
[4.781s] copying /home/ryan/aeroprint/build/aeroprint/build/lib/aeroprint/__init__.py -> /home/ryan/aeroprint/install/aeroprint/lib/python3.8/site-packages/aeroprint
[4.782s] byte-compiling /home/ryan/aeroprint/install/aeroprint/lib/python3.8/site-packages/aeroprint/starling_fc.py to starling_fc.cpython-38.pyc
[4.786s] byte-compiling /home/ryan/aeroprint/install/aeroprint/lib/python3.8/site-packages/aeroprint/__init__.py to __init__.cpython-38.pyc
[4.787s] running install_data
[4.788s] creating /home/ryan/aeroprint/install/aeroprint/share
[4.789s] creating /home/ryan/aeroprint/install/aeroprint/share/ament_index
[4.790s] creating /home/ryan/aeroprint/install/aeroprint/share/ament_index/resource_index
[4.790s] creating /home/ryan/aeroprint/install/aeroprint/share/ament_index/resource_index/packages
[4.791s] copying resource/aeroprint -> /home/ryan/aeroprint/install/aeroprint/share/ament_index/resource_index/packages
[4.792s] creating /home/ryan/aeroprint/install/aeroprint/share/aeroprint
[4.793s] copying package.xml -> /home/ryan/aeroprint/install/aeroprint/share/aeroprint
[4.793s] running install_egg_info
[4.794s] Copying ../../build/aeroprint/aeroprint.egg-info to /home/ryan/aeroprint/install/aeroprint/lib/python3.8/site-packages/aeroprint-0.0.0-py3.8.egg-info
[4.798s] running install_scripts
[4.839s] Installing starling_fc script to /home/ryan/aeroprint/install/aeroprint/lib/aeroprint
[4.841s] writing list of installed files to '/home/ryan/aeroprint/build/aeroprint/install.log'
[4.893s] Invoked command in '/home/ryan/aeroprint/src/aeroprint' returned '0': PYTHONPATH=/home/ryan/aeroprint/build/aeroprint/prefix_override:/home/ryan/aeroprint/install/aeroprint/lib/python3.8/site-packages:${PYTHONPATH} /usr/bin/python3 setup.py egg_info --egg-base ../../build/aeroprint build --build-base /home/ryan/aeroprint/build/aeroprint/build install --record /home/ryan/aeroprint/build/aeroprint/install.log --install-scripts $base/lib/aeroprint --single-version-externally-managed
