running egg_info
writing ../../build/starling/starling.egg-info/PKG-INFO
writing dependency_links to ../../build/starling/starling.egg-info/dependency_links.txt
writing entry points to ../../build/starling/starling.egg-info/entry_points.txt
writing requirements to ../../build/starling/starling.egg-info/requires.txt
writing top-level names to ../../build/starling/starling.egg-info/top_level.txt
reading manifest file '../../build/starling/starling.egg-info/SOURCES.txt'
writing manifest file '../../build/starling/starling.egg-info/SOURCES.txt'
running build
running build_py
copying starling/test_node.py -> /home/ryan/aeroprint/build/starling/build/lib/starling
copying starling/test_pub.py -> /home/ryan/aeroprint/build/starling/build/lib/starling
running install
running install_lib
copying /home/ryan/aeroprint/build/starling/build/lib/starling/test_node.py -> /home/ryan/aeroprint/install/starling/lib/python3.8/site-packages/starling
copying /home/ryan/aeroprint/build/starling/build/lib/starling/test_pub.py -> /home/ryan/aeroprint/install/starling/lib/python3.8/site-packages/starling
byte-compiling /home/ryan/aeroprint/install/starling/lib/python3.8/site-packages/starling/test_node.py to test_node.cpython-38.pyc
byte-compiling /home/ryan/aeroprint/install/starling/lib/python3.8/site-packages/starling/test_pub.py to test_pub.cpython-38.pyc
running install_data
running install_egg_info
removing '/home/ryan/aeroprint/install/starling/lib/python3.8/site-packages/starling-0.0.0-py3.8.egg-info' (and everything under it)
Copying ../../build/starling/starling.egg-info to /home/ryan/aeroprint/install/starling/lib/python3.8/site-packages/starling-0.0.0-py3.8.egg-info
running install_scripts
Installing test_node script to /home/ryan/aeroprint/install/starling/lib/starling
Installing test_pub script to /home/ryan/aeroprint/install/starling/lib/starling
writing list of installed files to '/home/ryan/aeroprint/build/starling/install.log'
