[10.230s] DEBUG:colcon:Command line arguments: ['/usr/bin/colcon', 'build']
[10.231s] DEBUG:colcon:Parsed command line arguments: Namespace(allow_overriding=[], ament_cmake_args=None, base_paths=['.'], build_base='build', catkin_cmake_args=None, catkin_skip_building_tests=False, cmake_args=None, cmake_clean_cache=False, cmake_clean_first=False, cmake_force_configure=False, cmake_target=None, cmake_target_skip_unavailable=False, continue_on_error=False, event_handlers=None, executor='parallel', ignore_user_meta=False, install_base='install', log_base=None, log_level=None, main=<bound method BuildVerb.main of <colcon_core.verb.build.BuildVerb object at 0x7f6da2e9c640>>, merge_install=False, metas=['./colcon.meta'], packages_above=None, packages_above_and_dependencies=None, packages_above_depth=None, packages_end=None, packages_ignore=None, packages_ignore_regex=None, packages_select=None, packages_select_build_failed=False, packages_select_by_dep=None, packages_select_regex=None, packages_select_test_failures=False, packages_skip=None, packages_skip_build_finished=False, packages_skip_by_dep=None, packages_skip_regex=None, packages_skip_test_passed=False, packages_skip_up_to=None, packages_start=None, packages_up_to=None, packages_up_to_regex=None, parallel_workers=16, paths=None, symlink_install=False, test_result_base=None, verb_extension=<colcon_core.verb.build.BuildVerb object at 0x7f6da2e9c640>, verb_name='build', verb_parser=<colcon_defaults.argument_parser.defaults.DefaultArgumentsDecorator object at 0x7f6da2df0070>)
[10.704s] Level 1:colcon.colcon_core.package_discovery:discover_packages(colcon_meta) check parameters
[10.704s] Level 1:colcon.colcon_core.package_discovery:discover_packages(recursive) check parameters
[10.705s] Level 1:colcon.colcon_core.package_discovery:discover_packages(ignore) check parameters
[10.705s] Level 1:colcon.colcon_core.package_discovery:discover_packages(path) check parameters
[10.705s] Level 1:colcon.colcon_core.package_discovery:discover_packages(colcon_meta) discover
[10.705s] Level 1:colcon.colcon_core.package_discovery:discover_packages(recursive) discover
[10.705s] INFO:colcon.colcon_core.package_discovery:Crawling recursively for packages in '/home/ryan/aeroprint'
[10.705s] Level 1:colcon.colcon_core.package_identification:_identify(.) by extensions ['ignore', 'ignore_ament_install']
[10.705s] Level 1:colcon.colcon_core.package_identification:_identify(.) by extension 'ignore'
[10.705s] Level 1:colcon.colcon_core.package_identification:_identify(.) by extension 'ignore_ament_install'
[10.706s] Level 1:colcon.colcon_core.package_identification:_identify(.) by extensions ['colcon_pkg']
[10.706s] Level 1:colcon.colcon_core.package_identification:_identify(.) by extension 'colcon_pkg'
[10.706s] Level 1:colcon.colcon_core.package_identification:_identify(.) by extensions ['colcon_meta']
[10.706s] Level 1:colcon.colcon_core.package_identification:_identify(.) by extension 'colcon_meta'
[10.706s] Level 1:colcon.colcon_core.package_identification:_identify(.) by extensions ['ros']
[10.706s] Level 1:colcon.colcon_core.package_identification:_identify(.) by extension 'ros'
[10.729s] Level 1:colcon.colcon_core.package_identification:_identify(.) by extensions ['cmake', 'python']
[10.730s] Level 1:colcon.colcon_core.package_identification:_identify(.) by extension 'cmake'
[10.730s] Level 1:colcon.colcon_core.package_identification:_identify(.) by extension 'python'
[10.730s] Level 1:colcon.colcon_core.package_identification:_identify(.) by extensions ['python_setup_py']
[10.730s] Level 1:colcon.colcon_core.package_identification:_identify(.) by extension 'python_setup_py'
[10.730s] Level 1:colcon.colcon_core.package_identification:_identify(build) by extensions ['ignore', 'ignore_ament_install']
[10.730s] Level 1:colcon.colcon_core.package_identification:_identify(build) by extension 'ignore'
[10.731s] Level 1:colcon.colcon_core.package_identification:_identify(build) ignored
[10.731s] Level 1:colcon.colcon_core.package_identification:_identify(install) by extensions ['ignore', 'ignore_ament_install']
[10.732s] Level 1:colcon.colcon_core.package_identification:_identify(install) by extension 'ignore'
[10.732s] Level 1:colcon.colcon_core.package_identification:_identify(install) ignored
[10.732s] Level 1:colcon.colcon_core.package_identification:_identify(log) by extensions ['ignore', 'ignore_ament_install']
[10.732s] Level 1:colcon.colcon_core.package_identification:_identify(log) by extension 'ignore'
[10.733s] Level 1:colcon.colcon_core.package_identification:_identify(log) ignored
[10.733s] Level 1:colcon.colcon_core.package_identification:_identify(src) by extensions ['ignore', 'ignore_ament_install']
[10.733s] Level 1:colcon.colcon_core.package_identification:_identify(src) by extension 'ignore'
[10.733s] Level 1:colcon.colcon_core.package_identification:_identify(src) by extension 'ignore_ament_install'
[10.734s] Level 1:colcon.colcon_core.package_identification:_identify(src) by extensions ['colcon_pkg']
[10.734s] Level 1:colcon.colcon_core.package_identification:_identify(src) by extension 'colcon_pkg'
[10.734s] Level 1:colcon.colcon_core.package_identification:_identify(src) by extensions ['colcon_meta']
[10.734s] Level 1:colcon.colcon_core.package_identification:_identify(src) by extension 'colcon_meta'
[10.734s] Level 1:colcon.colcon_core.package_identification:_identify(src) by extensions ['ros']
[10.734s] Level 1:colcon.colcon_core.package_identification:_identify(src) by extension 'ros'
[10.734s] Level 1:colcon.colcon_core.package_identification:_identify(src) by extensions ['cmake', 'python']
[10.735s] Level 1:colcon.colcon_core.package_identification:_identify(src) by extension 'cmake'
[10.735s] Level 1:colcon.colcon_core.package_identification:_identify(src) by extension 'python'
[10.735s] Level 1:colcon.colcon_core.package_identification:_identify(src) by extensions ['python_setup_py']
[10.735s] Level 1:colcon.colcon_core.package_identification:_identify(src) by extension 'python_setup_py'
[10.735s] Level 1:colcon.colcon_core.package_identification:_identify(src/aeroprint) by extensions ['ignore', 'ignore_ament_install']
[10.736s] Level 1:colcon.colcon_core.package_identification:_identify(src/aeroprint) by extension 'ignore'
[10.736s] Level 1:colcon.colcon_core.package_identification:_identify(src/aeroprint) by extension 'ignore_ament_install'
[10.736s] Level 1:colcon.colcon_core.package_identification:_identify(src/aeroprint) by extensions ['colcon_pkg']
[10.736s] Level 1:colcon.colcon_core.package_identification:_identify(src/aeroprint) by extension 'colcon_pkg'
[10.736s] Level 1:colcon.colcon_core.package_identification:_identify(src/aeroprint) by extensions ['colcon_meta']
[10.736s] Level 1:colcon.colcon_core.package_identification:_identify(src/aeroprint) by extension 'colcon_meta'
[10.736s] Level 1:colcon.colcon_core.package_identification:_identify(src/aeroprint) by extensions ['ros']
[10.737s] Level 1:colcon.colcon_core.package_identification:_identify(src/aeroprint) by extension 'ros'
[10.741s] DEBUG:colcon.colcon_core.package_identification:Found ROS schema reference in package manifest in 'src/aeroprint'
[10.741s] WARNING:colcon.colcon_core.package_identification:Failed to parse ROS package manifest in 'src/aeroprint': Error(s) in package 'src/aeroprint/package.xml':
Error(s):
- The manifest of package "aeroprint" (with format version 3) must not contain the following tags: opencv_depend
[10.741s] Level 1:colcon.colcon_core.package_identification:_identify(src/aeroprint) by extensions ['cmake', 'python']
[10.741s] Level 1:colcon.colcon_core.package_identification:_identify(src/aeroprint) by extension 'cmake'
[10.742s] Level 1:colcon.colcon_core.package_identification:_identify(src/aeroprint) by extension 'python'
[10.742s] DEBUG:colcon.colcon_core.package_identification:Python package in 'src/aeroprint' passes arguments to the setup() function which requires a different identification extension than 'python'
[10.742s] Level 1:colcon.colcon_core.package_identification:_identify(src/aeroprint) by extensions ['python_setup_py']
[10.742s] Level 1:colcon.colcon_core.package_identification:_identify(src/aeroprint) by extension 'python_setup_py'
[11.154s] DEBUG:colcon.colcon_core.package_identification:Package 'src/aeroprint' with type 'python' and name 'aeroprint'
[11.155s] Level 1:colcon.colcon_core.package_identification:_identify(src/my_package) by extensions ['ignore', 'ignore_ament_install']
[11.155s] Level 1:colcon.colcon_core.package_identification:_identify(src/my_package) by extension 'ignore'
[11.156s] Level 1:colcon.colcon_core.package_identification:_identify(src/my_package) by extension 'ignore_ament_install'
[11.156s] Level 1:colcon.colcon_core.package_identification:_identify(src/my_package) by extensions ['colcon_pkg']
[11.156s] Level 1:colcon.colcon_core.package_identification:_identify(src/my_package) by extension 'colcon_pkg'
[11.156s] Level 1:colcon.colcon_core.package_identification:_identify(src/my_package) by extensions ['colcon_meta']
[11.156s] Level 1:colcon.colcon_core.package_identification:_identify(src/my_package) by extension 'colcon_meta'
[11.156s] Level 1:colcon.colcon_core.package_identification:_identify(src/my_package) by extensions ['ros']
[11.156s] Level 1:colcon.colcon_core.package_identification:_identify(src/my_package) by extension 'ros'
[11.159s] DEBUG:colcon.colcon_core.package_identification:Package 'src/my_package' with type 'ros.ament_python' and name 'my_package'
[11.159s] Level 1:colcon.colcon_core.package_discovery:discover_packages(recursive) using defaults
[11.160s] Level 1:colcon.colcon_core.package_discovery:discover_packages(ignore) discover
[11.160s] Level 1:colcon.colcon_core.package_discovery:discover_packages(ignore) using defaults
[11.160s] Level 1:colcon.colcon_core.package_discovery:discover_packages(path) discover
[11.160s] Level 1:colcon.colcon_core.package_discovery:discover_packages(path) using defaults
[12.206s] Level 1:colcon.colcon_core.package_discovery:discover_packages(prefix_path) check parameters
[12.206s] Level 1:colcon.colcon_core.package_discovery:discover_packages(prefix_path) discover
[12.613s] DEBUG:colcon.colcon_installed_package_information.package_discovery:Found 1 installed packages in /home/ryan/aeroprint/install
[12.820s] DEBUG:colcon.colcon_installed_package_information.package_discovery:Found 256 installed packages in /opt/ros/foxy
[12.822s] Level 1:colcon.colcon_core.package_discovery:discover_packages(prefix_path) using defaults
[13.350s] Level 5:colcon.colcon_core.verb:set package 'aeroprint' build argument 'cmake_args' from command line to 'None'
[13.350s] Level 5:colcon.colcon_core.verb:set package 'aeroprint' build argument 'cmake_target' from command line to 'None'
[13.350s] Level 5:colcon.colcon_core.verb:set package 'aeroprint' build argument 'cmake_target_skip_unavailable' from command line to 'False'
[13.350s] Level 5:colcon.colcon_core.verb:set package 'aeroprint' build argument 'cmake_clean_cache' from command line to 'False'
[13.350s] Level 5:colcon.colcon_core.verb:set package 'aeroprint' build argument 'cmake_clean_first' from command line to 'False'
[13.350s] Level 5:colcon.colcon_core.verb:set package 'aeroprint' build argument 'cmake_force_configure' from command line to 'False'
[13.350s] Level 5:colcon.colcon_core.verb:set package 'aeroprint' build argument 'ament_cmake_args' from command line to 'None'
[13.350s] Level 5:colcon.colcon_core.verb:set package 'aeroprint' build argument 'catkin_cmake_args' from command line to 'None'
[13.350s] Level 5:colcon.colcon_core.verb:set package 'aeroprint' build argument 'catkin_skip_building_tests' from command line to 'False'
[13.350s] DEBUG:colcon.colcon_core.verb:Building package 'aeroprint' with the following arguments: {'ament_cmake_args': None, 'build_base': '/home/ryan/aeroprint/build/aeroprint', 'catkin_cmake_args': None, 'catkin_skip_building_tests': False, 'cmake_args': None, 'cmake_clean_cache': False, 'cmake_clean_first': False, 'cmake_force_configure': False, 'cmake_target': None, 'cmake_target_skip_unavailable': False, 'install_base': '/home/ryan/aeroprint/install/aeroprint', 'merge_install': False, 'path': '/home/ryan/aeroprint/src/aeroprint', 'symlink_install': False, 'test_result_base': None}
[13.600s] Level 5:colcon.colcon_core.verb:set package 'my_package' build argument 'cmake_args' from command line to 'None'
[13.601s] Level 5:colcon.colcon_core.verb:set package 'my_package' build argument 'cmake_target' from command line to 'None'
[13.601s] Level 5:colcon.colcon_core.verb:set package 'my_package' build argument 'cmake_target_skip_unavailable' from command line to 'False'
[13.601s] Level 5:colcon.colcon_core.verb:set package 'my_package' build argument 'cmake_clean_cache' from command line to 'False'
[13.601s] Level 5:colcon.colcon_core.verb:set package 'my_package' build argument 'cmake_clean_first' from command line to 'False'
[13.601s] Level 5:colcon.colcon_core.verb:set package 'my_package' build argument 'cmake_force_configure' from command line to 'False'
[13.601s] Level 5:colcon.colcon_core.verb:set package 'my_package' build argument 'ament_cmake_args' from command line to 'None'
[13.601s] Level 5:colcon.colcon_core.verb:set package 'my_package' build argument 'catkin_cmake_args' from command line to 'None'
[13.601s] Level 5:colcon.colcon_core.verb:set package 'my_package' build argument 'catkin_skip_building_tests' from command line to 'False'
[13.601s] DEBUG:colcon.colcon_core.verb:Building package 'my_package' with the following arguments: {'ament_cmake_args': None, 'build_base': '/home/ryan/aeroprint/build/my_package', 'catkin_cmake_args': None, 'catkin_skip_building_tests': False, 'cmake_args': None, 'cmake_clean_cache': False, 'cmake_clean_first': False, 'cmake_force_configure': False, 'cmake_target': None, 'cmake_target_skip_unavailable': False, 'install_base': '/home/ryan/aeroprint/install/my_package', 'merge_install': False, 'path': '/home/ryan/aeroprint/src/my_package', 'symlink_install': False, 'test_result_base': None}
[13.790s] INFO:colcon.colcon_core.executor:Executing jobs using 'parallel' executor
[13.969s] DEBUG:colcon.colcon_parallel_executor.executor.parallel:run_until_complete
[13.970s] INFO:colcon.colcon_core.task.python.build:Building Python package in '/home/ryan/aeroprint/src/aeroprint'
[14.207s] INFO:colcon.colcon_core.plugin_system:Skipping extension 'colcon_core.shell.bat': Not used on non-Windows systems
[14.208s] INFO:colcon.colcon_core.shell:Skip shell extension 'powershell' for command environment: Not usable outside of PowerShell
[14.208s] DEBUG:colcon.colcon_core.shell:Skip shell extension 'dsv' for command environment
[14.848s] INFO:colcon.colcon_ros.task.ament_python.build:Building ROS package in '/home/ryan/aeroprint/src/my_package' with build type 'ament_python'
[14.849s] Level 1:colcon.colcon_core.shell:create_environment_hook('my_package', 'ament_prefix_path')
[15.065s] INFO:colcon.colcon_core.shell:Creating environment hook '/home/ryan/aeroprint/install/my_package/share/my_package/hook/ament_prefix_path.ps1'
[15.067s] INFO:colcon.colcon_core.shell:Creating environment descriptor '/home/ryan/aeroprint/install/my_package/share/my_package/hook/ament_prefix_path.dsv'
[15.073s] INFO:colcon.colcon_core.shell:Creating environment hook '/home/ryan/aeroprint/install/my_package/share/my_package/hook/ament_prefix_path.sh'
[15.370s] INFO:colcon.colcon_core.shell:Skip shell extension 'powershell' for command environment: Not usable outside of PowerShell
[15.371s] DEBUG:colcon.colcon_core.shell:Skip shell extension 'dsv' for command environment
[17.163s] INFO:colcon.colcon_core.task.python.build:Building Python package in '/home/ryan/aeroprint/src/my_package'
[17.404s] INFO:colcon.colcon_core.shell:Skip shell extension 'powershell' for command environment: Not usable outside of PowerShell
[17.404s] DEBUG:colcon.colcon_core.shell:Skip shell extension 'dsv' for command environment
[18.040s] DEBUG:colcon.colcon_core.event_handler.log_command:Invoking command in '/home/ryan/aeroprint/src/aeroprint': PYTHONPATH=/home/ryan/aeroprint/build/aeroprint/prefix_override:/home/ryan/aeroprint/install/aeroprint/lib/python3.8/site-packages:${PYTHONPATH} /usr/bin/python3 setup.py egg_info --egg-base ../../build/aeroprint build --build-base /home/ryan/aeroprint/build/aeroprint/build install --record /home/ryan/aeroprint/build/aeroprint/install.log --install-scripts $base/lib/aeroprint --single-version-externally-managed
[18.864s] DEBUG:colcon.colcon_core.event_handler.log_command:Invoked command in '/home/ryan/aeroprint/src/aeroprint' returned '0': PYTHONPATH=/home/ryan/aeroprint/build/aeroprint/prefix_override:/home/ryan/aeroprint/install/aeroprint/lib/python3.8/site-packages:${PYTHONPATH} /usr/bin/python3 setup.py egg_info --egg-base ../../build/aeroprint build --build-base /home/ryan/aeroprint/build/aeroprint/build install --record /home/ryan/aeroprint/build/aeroprint/install.log --install-scripts $base/lib/aeroprint --single-version-externally-managed
[19.086s] Level 1:colcon.colcon_core.environment:checking '/home/ryan/aeroprint/install/aeroprint' for CMake module files
[19.087s] Level 1:colcon.colcon_core.environment:checking '/home/ryan/aeroprint/install/aeroprint' for CMake config files
[19.089s] Level 1:colcon.colcon_core.environment:checking '/home/ryan/aeroprint/install/aeroprint/lib'
[19.090s] Level 1:colcon.colcon_core.environment:checking '/home/ryan/aeroprint/install/aeroprint/bin'
[19.090s] Level 1:colcon.colcon_core.environment:checking '/home/ryan/aeroprint/install/aeroprint/lib/pkgconfig/aeroprint.pc'
[19.091s] Level 1:colcon.colcon_core.environment:checking '/home/ryan/aeroprint/install/aeroprint/lib/python3.8/site-packages'
[19.091s] Level 1:colcon.colcon_core.shell:create_environment_hook('aeroprint', 'pythonpath')
[19.312s] INFO:colcon.colcon_core.shell:Creating environment hook '/home/ryan/aeroprint/install/aeroprint/share/aeroprint/hook/pythonpath.ps1'
[19.313s] INFO:colcon.colcon_core.shell:Creating environment descriptor '/home/ryan/aeroprint/install/aeroprint/share/aeroprint/hook/pythonpath.dsv'
[19.315s] INFO:colcon.colcon_core.shell:Creating environment hook '/home/ryan/aeroprint/install/aeroprint/share/aeroprint/hook/pythonpath.sh'
[19.316s] Level 1:colcon.colcon_core.environment:checking '/home/ryan/aeroprint/install/aeroprint/bin'
[19.317s] Level 1:colcon.colcon_core.environment:create_environment_scripts_only(aeroprint)
[19.522s] INFO:colcon.colcon_core.shell:Creating package script '/home/ryan/aeroprint/install/aeroprint/share/aeroprint/package.ps1'
[19.524s] INFO:colcon.colcon_core.shell:Creating package descriptor '/home/ryan/aeroprint/install/aeroprint/share/aeroprint/package.dsv'
[19.526s] INFO:colcon.colcon_core.shell:Creating package script '/home/ryan/aeroprint/install/aeroprint/share/aeroprint/package.sh'
[19.529s] INFO:colcon.colcon_core.shell:Creating package script '/home/ryan/aeroprint/install/aeroprint/share/aeroprint/package.bash'
[19.530s] INFO:colcon.colcon_core.shell:Creating package script '/home/ryan/aeroprint/install/aeroprint/share/aeroprint/package.zsh'
[19.531s] Level 1:colcon.colcon_core.environment:create_file_with_runtime_dependencies(/home/ryan/aeroprint/install/aeroprint/share/colcon-core/packages/aeroprint)
[19.545s] DEBUG:colcon.colcon_core.event_handler.log_command:Invoking command in '/home/ryan/aeroprint/src/my_package': PYTHONPATH=/home/ryan/aeroprint/build/my_package/prefix_override:/home/ryan/aeroprint/install/my_package/lib/python3.8/site-packages:${PYTHONPATH} /usr/bin/python3 setup.py egg_info --egg-base ../../build/my_package build --build-base /home/ryan/aeroprint/build/my_package/build install --record /home/ryan/aeroprint/build/my_package/install.log --install-scripts $base/lib/my_package --single-version-externally-managed
[20.207s] DEBUG:colcon.colcon_core.event_handler.log_command:Invoked command in '/home/ryan/aeroprint/src/my_package' returned '0': PYTHONPATH=/home/ryan/aeroprint/build/my_package/prefix_override:/home/ryan/aeroprint/install/my_package/lib/python3.8/site-packages:${PYTHONPATH} /usr/bin/python3 setup.py egg_info --egg-base ../../build/my_package build --build-base /home/ryan/aeroprint/build/my_package/build install --record /home/ryan/aeroprint/build/my_package/install.log --install-scripts $base/lib/my_package --single-version-externally-managed
[20.400s] Level 1:colcon.colcon_core.environment:checking '/home/ryan/aeroprint/install/my_package' for CMake module files
[20.402s] Level 1:colcon.colcon_core.environment:checking '/home/ryan/aeroprint/install/my_package' for CMake config files
[20.403s] Level 1:colcon.colcon_core.environment:checking '/home/ryan/aeroprint/install/my_package/lib'
[20.404s] Level 1:colcon.colcon_core.environment:checking '/home/ryan/aeroprint/install/my_package/bin'
[20.404s] Level 1:colcon.colcon_core.environment:checking '/home/ryan/aeroprint/install/my_package/lib/pkgconfig/my_package.pc'
[20.404s] Level 1:colcon.colcon_core.environment:checking '/home/ryan/aeroprint/install/my_package/lib/python3.8/site-packages'
[20.404s] Level 1:colcon.colcon_core.shell:create_environment_hook('my_package', 'pythonpath')
[20.619s] INFO:colcon.colcon_core.shell:Creating environment hook '/home/ryan/aeroprint/install/my_package/share/my_package/hook/pythonpath.ps1'
[20.621s] INFO:colcon.colcon_core.shell:Creating environment descriptor '/home/ryan/aeroprint/install/my_package/share/my_package/hook/pythonpath.dsv'
[20.622s] INFO:colcon.colcon_core.shell:Creating environment hook '/home/ryan/aeroprint/install/my_package/share/my_package/hook/pythonpath.sh'
[20.623s] Level 1:colcon.colcon_core.environment:checking '/home/ryan/aeroprint/install/my_package/bin'
[20.623s] Level 1:colcon.colcon_core.environment:create_environment_scripts_only(my_package)
[20.813s] INFO:colcon.colcon_core.shell:Creating package script '/home/ryan/aeroprint/install/my_package/share/my_package/package.ps1'
[20.814s] INFO:colcon.colcon_core.shell:Creating package descriptor '/home/ryan/aeroprint/install/my_package/share/my_package/package.dsv'
[20.817s] INFO:colcon.colcon_core.shell:Creating package script '/home/ryan/aeroprint/install/my_package/share/my_package/package.sh'
[20.819s] INFO:colcon.colcon_core.shell:Creating package script '/home/ryan/aeroprint/install/my_package/share/my_package/package.bash'
[20.820s] INFO:colcon.colcon_core.shell:Creating package script '/home/ryan/aeroprint/install/my_package/share/my_package/package.zsh'
[20.821s] Level 1:colcon.colcon_core.environment:create_file_with_runtime_dependencies(/home/ryan/aeroprint/install/my_package/share/colcon-core/packages/my_package)
[20.822s] DEBUG:colcon.colcon_parallel_executor.executor.parallel:closing loop
[20.824s] DEBUG:colcon.colcon_parallel_executor.executor.parallel:loop closed
[20.824s] DEBUG:colcon.colcon_parallel_executor.executor.parallel:run_until_complete finished with '0'
[20.824s] DEBUG:colcon.colcon_core.event_reactor:joining thread
[21.102s] INFO:colcon.colcon_core.plugin_system:Skipping extension 'colcon_notification.desktop_notification.notify_send': Could not find 'notify-send'
[21.102s] INFO:colcon.colcon_core.plugin_system:Skipping extension 'colcon_notification.desktop_notification.terminal_notifier': Not used on non-Darwin systems
[21.103s] INFO:colcon.colcon_core.plugin_system:Skipping extension 'colcon_notification.desktop_notification.win32': Not used on non-Windows systems
[21.103s] INFO:colcon.colcon_notification.desktop_notification:Sending desktop notification using 'notify2'
[21.105s] DEBUG:colcon.colcon_notification.desktop_notification.notify2:Failed to initialize notify2: org.freedesktop.DBus.Error.ServiceUnknown: The name org.freedesktop.Notifications was not provided by any .service files
[21.105s] DEBUG:colcon.colcon_core.event_reactor:joined thread
[21.343s] INFO:colcon.colcon_core.shell:Creating prefix script '/home/ryan/aeroprint/install/local_setup.ps1'
[21.345s] INFO:colcon.colcon_core.shell:Creating prefix util module '/home/ryan/aeroprint/install/_local_setup_util_ps1.py'
[21.347s] INFO:colcon.colcon_core.shell:Creating prefix chain script '/home/ryan/aeroprint/install/setup.ps1'
[21.655s] INFO:colcon.colcon_core.shell:Creating prefix script '/home/ryan/aeroprint/install/local_setup.sh'
[21.657s] INFO:colcon.colcon_core.shell:Creating prefix util module '/home/ryan/aeroprint/install/_local_setup_util_sh.py'
[21.658s] INFO:colcon.colcon_core.shell:Creating prefix chain script '/home/ryan/aeroprint/install/setup.sh'
[21.894s] INFO:colcon.colcon_core.shell:Creating prefix script '/home/ryan/aeroprint/install/local_setup.bash'
[21.895s] INFO:colcon.colcon_core.shell:Creating prefix chain script '/home/ryan/aeroprint/install/setup.bash'
[22.061s] INFO:colcon.colcon_core.shell:Creating prefix script '/home/ryan/aeroprint/install/local_setup.zsh'
[22.063s] INFO:colcon.colcon_core.shell:Creating prefix chain script '/home/ryan/aeroprint/install/setup.zsh'
