[1.242s] Invoking command in '/home/ryan/aeroprint/src/starling': PYTHONPATH=/home/ryan/aeroprint/build/starling/prefix_override:/home/ryan/aeroprint/install/starling/lib/python3.8/site-packages:${PYTHONPATH} /usr/bin/python3 setup.py egg_info --egg-base ../../build/starling build --build-base /home/ryan/aeroprint/build/starling/build install --record /home/ryan/aeroprint/build/starling/install.log --install-scripts $base/lib/starling --single-version-externally-managed
[1.371s] running egg_info
[1.371s] writing ../../build/starling/starling.egg-info/PKG-INFO
[1.371s] writing dependency_links to ../../build/starling/starling.egg-info/dependency_links.txt
[1.372s] writing entry points to ../../build/starling/starling.egg-info/entry_points.txt
[1.372s] writing requirements to ../../build/starling/starling.egg-info/requires.txt
[1.372s] writing top-level names to ../../build/starling/starling.egg-info/top_level.txt
[1.394s] reading manifest file '../../build/starling/starling.egg-info/SOURCES.txt'
[1.395s] writing manifest file '../../build/starling/starling.egg-info/SOURCES.txt'
[1.395s] running build
[1.395s] running build_py
[1.396s] copying starling/test_pub.py -> /home/ryan/aeroprint/build/starling/build/lib/starling
[1.396s] running install
[1.397s] running install_lib
[1.398s] copying /home/ryan/aeroprint/build/starling/build/lib/starling/test_pub.py -> /home/ryan/aeroprint/install/starling/lib/python3.8/site-packages/starling
[1.400s] byte-compiling /home/ryan/aeroprint/install/starling/lib/python3.8/site-packages/starling/test_pub.py to test_pub.cpython-38.pyc
[1.401s] running install_data
[1.402s] running install_egg_info
[1.403s] removing '/home/ryan/aeroprint/install/starling/lib/python3.8/site-packages/starling-0.0.0-py3.8.egg-info' (and everything under it)
[1.403s] Copying ../../build/starling/starling.egg-info to /home/ryan/aeroprint/install/starling/lib/python3.8/site-packages/starling-0.0.0-py3.8.egg-info
[1.404s] running install_scripts
[1.416s] Installing test_node script to /home/ryan/aeroprint/install/starling/lib/starling
[1.416s] Installing test_pub script to /home/ryan/aeroprint/install/starling/lib/starling
[1.417s] writing list of installed files to '/home/ryan/aeroprint/build/starling/install.log'
[1.615s] Invoked command in '/home/ryan/aeroprint/src/starling' returned '0': PYTHONPATH=/home/ryan/aeroprint/build/starling/prefix_override:/home/ryan/aeroprint/install/starling/lib/python3.8/site-packages:${PYTHONPATH} /usr/bin/python3 setup.py egg_info --egg-base ../../build/starling build --build-base /home/ryan/aeroprint/build/starling/build install --record /home/ryan/aeroprint/build/starling/install.log --install-scripts $base/lib/starling --single-version-externally-managed
