running egg_info
creating ../../build/starling/starling.egg-info
writing ../../build/starling/starling.egg-info/PKG-INFO
writing dependency_links to ../../build/starling/starling.egg-info/dependency_links.txt
writing entry points to ../../build/starling/starling.egg-info/entry_points.txt
writing requirements to ../../build/starling/starling.egg-info/requires.txt
writing top-level names to ../../build/starling/starling.egg-info/top_level.txt
writing manifest file '../../build/starling/starling.egg-info/SOURCES.txt'
reading manifest file '../../build/starling/starling.egg-info/SOURCES.txt'
writing manifest file '../../build/starling/starling.egg-info/SOURCES.txt'
running build
running build_py
creating /home/ryan/aeroprint/build/starling/build
creating /home/ryan/aeroprint/build/starling/build/lib
creating /home/ryan/aeroprint/build/starling/build/lib/starling
copying starling/__init__.py -> /home/ryan/aeroprint/build/starling/build/lib/starling
copying starling/test_node.py -> /home/ryan/aeroprint/build/starling/build/lib/starling
running install
running install_lib
creating /home/ryan/aeroprint/install/starling/lib/python3.8/site-packages/starling
copying /home/ryan/aeroprint/build/starling/build/lib/starling/__init__.py -> /home/ryan/aeroprint/install/starling/lib/python3.8/site-packages/starling
copying /home/ryan/aeroprint/build/starling/build/lib/starling/test_node.py -> /home/ryan/aeroprint/install/starling/lib/python3.8/site-packages/starling
byte-compiling /home/ryan/aeroprint/install/starling/lib/python3.8/site-packages/starling/__init__.py to __init__.cpython-38.pyc
byte-compiling /home/ryan/aeroprint/install/starling/lib/python3.8/site-packages/starling/test_node.py to test_node.cpython-38.pyc
running install_data
creating /home/ryan/aeroprint/install/starling/share/ament_index
creating /home/ryan/aeroprint/install/starling/share/ament_index/resource_index
creating /home/ryan/aeroprint/install/starling/share/ament_index/resource_index/packages
copying resource/starling -> /home/ryan/aeroprint/install/starling/share/ament_index/resource_index/packages
copying package.xml -> /home/ryan/aeroprint/install/starling/share/starling
running install_egg_info
Copying ../../build/starling/starling.egg-info to /home/ryan/aeroprint/install/starling/lib/python3.8/site-packages/starling-0.0.0-py3.8.egg-info
running install_scripts
Installing test_node script to /home/ryan/aeroprint/install/starling/lib/starling
writing list of installed files to '/home/ryan/aeroprint/build/starling/install.log'
