[4.668s] Invoking command in '/home/ryan/aeroprint/src/starling': PYTHONPATH=/home/ryan/aeroprint/build/starling/prefix_override:/home/ryan/aeroprint/install/starling/lib/python3.8/site-packages:${PYTHONPATH} /usr/bin/python3 setup.py egg_info --egg-base ../../build/starling build --build-base /home/ryan/aeroprint/build/starling/build install --record /home/ryan/aeroprint/build/starling/install.log --install-scripts $base/lib/starling --single-version-externally-managed
[5.062s] running egg_info
[5.063s] creating ../../build/starling/starling.egg-info
[5.064s] writing ../../build/starling/starling.egg-info/PKG-INFO
[5.064s] writing dependency_links to ../../build/starling/starling.egg-info/dependency_links.txt
[5.065s] writing entry points to ../../build/starling/starling.egg-info/entry_points.txt
[5.065s] writing requirements to ../../build/starling/starling.egg-info/requires.txt
[5.066s] writing top-level names to ../../build/starling/starling.egg-info/top_level.txt
[5.068s] writing manifest file '../../build/starling/starling.egg-info/SOURCES.txt'
[5.135s] reading manifest file '../../build/starling/starling.egg-info/SOURCES.txt'
[5.136s] writing manifest file '../../build/starling/starling.egg-info/SOURCES.txt'
[5.137s] running build
[5.138s] running build_py
[5.138s] creating /home/ryan/aeroprint/build/starling/build
[5.138s] creating /home/ryan/aeroprint/build/starling/build/lib
[5.139s] creating /home/ryan/aeroprint/build/starling/build/lib/starling
[5.139s] copying starling/__init__.py -> /home/ryan/aeroprint/build/starling/build/lib/starling
[5.139s] copying starling/test_node.py -> /home/ryan/aeroprint/build/starling/build/lib/starling
[5.139s] running install
[5.139s] running install_lib
[5.141s] creating /home/ryan/aeroprint/install/starling/lib/python3.8/site-packages/starling
[5.142s] copying /home/ryan/aeroprint/build/starling/build/lib/starling/__init__.py -> /home/ryan/aeroprint/install/starling/lib/python3.8/site-packages/starling
[5.142s] copying /home/ryan/aeroprint/build/starling/build/lib/starling/test_node.py -> /home/ryan/aeroprint/install/starling/lib/python3.8/site-packages/starling
[5.142s] byte-compiling /home/ryan/aeroprint/install/starling/lib/python3.8/site-packages/starling/__init__.py to __init__.cpython-38.pyc
[5.145s] byte-compiling /home/ryan/aeroprint/install/starling/lib/python3.8/site-packages/starling/test_node.py to test_node.cpython-38.pyc
[5.145s] running install_data
[5.146s] creating /home/ryan/aeroprint/install/starling/share/ament_index
[5.147s] creating /home/ryan/aeroprint/install/starling/share/ament_index/resource_index
[5.147s] creating /home/ryan/aeroprint/install/starling/share/ament_index/resource_index/packages
[5.148s] copying resource/starling -> /home/ryan/aeroprint/install/starling/share/ament_index/resource_index/packages
[5.150s] copying package.xml -> /home/ryan/aeroprint/install/starling/share/starling
[5.150s] running install_egg_info
[5.154s] Copying ../../build/starling/starling.egg-info to /home/ryan/aeroprint/install/starling/lib/python3.8/site-packages/starling-0.0.0-py3.8.egg-info
[5.156s] running install_scripts
[5.193s] Installing test_node script to /home/ryan/aeroprint/install/starling/lib/starling
[5.194s] writing list of installed files to '/home/ryan/aeroprint/build/starling/install.log'
[5.236s] Invoked command in '/home/ryan/aeroprint/src/starling' returned '0': PYTHONPATH=/home/ryan/aeroprint/build/starling/prefix_override:/home/ryan/aeroprint/install/starling/lib/python3.8/site-packages:${PYTHONPATH} /usr/bin/python3 setup.py egg_info --egg-base ../../build/starling build --build-base /home/ryan/aeroprint/build/starling/build install --record /home/ryan/aeroprint/build/starling/install.log --install-scripts $base/lib/starling --single-version-externally-managed
