[1.637s] Invoking command in '/home/ryan/aeroprint/build/host': PYTHONPATH=/home/ryan/aeroprint/build/host/prefix_override:/home/ryan/aeroprint/install/host/lib/python3.8/site-packages:${PYTHONPATH} /usr/bin/python3 setup.py develop --editable --build-directory /home/ryan/aeroprint/build/host/build --no-deps install_data
[1.794s] running develop
[1.876s] running egg_info
[1.876s] writing host.egg-info/PKG-INFO
[1.876s] writing dependency_links to host.egg-info/dependency_links.txt
[1.876s] writing entry points to host.egg-info/entry_points.txt
[1.876s] writing requirements to host.egg-info/requires.txt
[1.876s] writing top-level names to host.egg-info/top_level.txt
[1.900s] reading manifest file 'host.egg-info/SOURCES.txt'
[1.900s] writing manifest file 'host.egg-info/SOURCES.txt'
[1.924s] running build_ext
[1.924s] Creating /home/ryan/aeroprint/install/host/lib/python3.8/site-packages/site.py
[1.926s] Creating /home/ryan/aeroprint/install/host/lib/python3.8/site-packages/host.egg-link (link to .)
[1.926s] Installing pc_processor script to /home/ryan/aeroprint/install/host/lib/host
[1.926s] Installing test_node script to /home/ryan/aeroprint/install/host/lib/host
[1.927s] Installing test_sub script to /home/ryan/aeroprint/install/host/lib/host
[1.927s] 
[1.927s] Installed /home/ryan/aeroprint/build/host
[1.927s] running install_data
[1.952s] Invoked command in '/home/ryan/aeroprint/build/host' returned '0': PYTHONPATH=/home/ryan/aeroprint/build/host/prefix_override:/home/ryan/aeroprint/install/host/lib/python3.8/site-packages:${PYTHONPATH} /usr/bin/python3 setup.py develop --editable --build-directory /home/ryan/aeroprint/build/host/build --no-deps install_data
