[4.698s] Invoking command in '/home/ryan/aeroprint/src/starling': PYTHONPATH=/home/ryan/aeroprint/build/starling/prefix_override:/home/ryan/aeroprint/install/starling/lib/python3.8/site-packages:${PYTHONPATH} /usr/bin/python3 setup.py egg_info --egg-base ../../build/starling build --build-base /home/ryan/aeroprint/build/starling/build install --record /home/ryan/aeroprint/build/starling/install.log --install-scripts $base/lib/starling --single-version-externally-managed
[5.198s] running egg_info
[5.199s] writing ../../build/starling/starling.egg-info/PKG-INFO
[5.200s] writing dependency_links to ../../build/starling/starling.egg-info/dependency_links.txt
[5.201s] writing entry points to ../../build/starling/starling.egg-info/entry_points.txt
[5.201s] writing requirements to ../../build/starling/starling.egg-info/requires.txt
[5.202s] writing top-level names to ../../build/starling/starling.egg-info/top_level.txt
[5.282s] reading manifest file '../../build/starling/starling.egg-info/SOURCES.txt'
[5.284s] writing manifest file '../../build/starling/starling.egg-info/SOURCES.txt'
[5.284s] running build
[5.284s] running build_py
[5.286s] copying starling/test_pub.py -> /home/ryan/aeroprint/build/starling/build/lib/starling
[5.286s] running install
[5.287s] running install_lib
[5.290s] copying /home/ryan/aeroprint/build/starling/build/lib/starling/test_pub.py -> /home/ryan/aeroprint/install/starling/lib/python3.8/site-packages/starling
[5.291s] byte-compiling /home/ryan/aeroprint/install/starling/lib/python3.8/site-packages/starling/test_pub.py to test_pub.cpython-38.pyc
[5.296s] running install_data
[5.296s] running install_egg_info
[5.300s] removing '/home/ryan/aeroprint/install/starling/lib/python3.8/site-packages/starling-0.0.0-py3.8.egg-info' (and everything under it)
[5.301s] Copying ../../build/starling/starling.egg-info to /home/ryan/aeroprint/install/starling/lib/python3.8/site-packages/starling-0.0.0-py3.8.egg-info
[5.303s] running install_scripts
[5.349s] Installing test_node script to /home/ryan/aeroprint/install/starling/lib/starling
[5.350s] Installing test_pub script to /home/ryan/aeroprint/install/starling/lib/starling
[5.351s] writing list of installed files to '/home/ryan/aeroprint/build/starling/install.log'
[6.019s] Invoked command in '/home/ryan/aeroprint/src/starling' returned '0': PYTHONPATH=/home/ryan/aeroprint/build/starling/prefix_override:/home/ryan/aeroprint/install/starling/lib/python3.8/site-packages:${PYTHONPATH} /usr/bin/python3 setup.py egg_info --egg-base ../../build/starling build --build-base /home/ryan/aeroprint/build/starling/build install --record /home/ryan/aeroprint/build/starling/install.log --install-scripts $base/lib/starling --single-version-externally-managed
