running egg_info
creating ../../build/host/host.egg-info
writing ../../build/host/host.egg-info/PKG-INFO
writing dependency_links to ../../build/host/host.egg-info/dependency_links.txt
writing entry points to ../../build/host/host.egg-info/entry_points.txt
writing requirements to ../../build/host/host.egg-info/requires.txt
writing top-level names to ../../build/host/host.egg-info/top_level.txt
writing manifest file '../../build/host/host.egg-info/SOURCES.txt'
reading manifest file '../../build/host/host.egg-info/SOURCES.txt'
writing manifest file '../../build/host/host.egg-info/SOURCES.txt'
running build
running build_py
creating /home/ryan/aeroprint/build/host/build
creating /home/ryan/aeroprint/build/host/build/lib
creating /home/ryan/aeroprint/build/host/build/lib/host
copying host/__init__.py -> /home/ryan/aeroprint/build/host/build/lib/host
copying host/test_node.py -> /home/ryan/aeroprint/build/host/build/lib/host
running install
running install_lib
creating /home/ryan/aeroprint/install/host/lib/python3.8/site-packages/host
copying /home/ryan/aeroprint/build/host/build/lib/host/__init__.py -> /home/ryan/aeroprint/install/host/lib/python3.8/site-packages/host
copying /home/ryan/aeroprint/build/host/build/lib/host/test_node.py -> /home/ryan/aeroprint/install/host/lib/python3.8/site-packages/host
byte-compiling /home/ryan/aeroprint/install/host/lib/python3.8/site-packages/host/__init__.py to __init__.cpython-38.pyc
byte-compiling /home/ryan/aeroprint/install/host/lib/python3.8/site-packages/host/test_node.py to test_node.cpython-38.pyc
running install_data
creating /home/ryan/aeroprint/install/host/share/ament_index
creating /home/ryan/aeroprint/install/host/share/ament_index/resource_index
creating /home/ryan/aeroprint/install/host/share/ament_index/resource_index/packages
copying resource/host -> /home/ryan/aeroprint/install/host/share/ament_index/resource_index/packages
copying package.xml -> /home/ryan/aeroprint/install/host/share/host
running install_egg_info
Copying ../../build/host/host.egg-info to /home/ryan/aeroprint/install/host/lib/python3.8/site-packages/host-0.0.0-py3.8.egg-info
running install_scripts
Installing test_node script to /home/ryan/aeroprint/install/host/lib/host
writing list of installed files to '/home/ryan/aeroprint/build/host/install.log'
