[5.651s] Invoking command in '/home/ryan/aeroprint/src/host': PYTHONPATH=/home/ryan/aeroprint/build/host/prefix_override:/home/ryan/aeroprint/install/host/lib/python3.8/site-packages:${PYTHONPATH} /usr/bin/python3 setup.py egg_info --egg-base ../../build/host build --build-base /home/ryan/aeroprint/build/host/build install --record /home/ryan/aeroprint/build/host/install.log --install-scripts $base/lib/host --single-version-externally-managed
[6.062s] running egg_info
[6.062s] creating ../../build/host/host.egg-info
[6.063s] writing ../../build/host/host.egg-info/PKG-INFO
[6.063s] writing dependency_links to ../../build/host/host.egg-info/dependency_links.txt
[6.064s] writing entry points to ../../build/host/host.egg-info/entry_points.txt
[6.064s] writing requirements to ../../build/host/host.egg-info/requires.txt
[6.064s] writing top-level names to ../../build/host/host.egg-info/top_level.txt
[6.066s] writing manifest file '../../build/host/host.egg-info/SOURCES.txt'
[6.141s] reading manifest file '../../build/host/host.egg-info/SOURCES.txt'
[6.143s] writing manifest file '../../build/host/host.egg-info/SOURCES.txt'
[6.143s] running build
[6.144s] running build_py
[6.144s] creating /home/ryan/aeroprint/build/host/build
[6.144s] creating /home/ryan/aeroprint/build/host/build/lib
[6.145s] creating /home/ryan/aeroprint/build/host/build/lib/host
[6.145s] copying host/__init__.py -> /home/ryan/aeroprint/build/host/build/lib/host
[6.145s] copying host/test_node.py -> /home/ryan/aeroprint/build/host/build/lib/host
[6.146s] running install
[6.147s] running install_lib
[6.149s] creating /home/ryan/aeroprint/install/host/lib/python3.8/site-packages/host
[6.149s] copying /home/ryan/aeroprint/build/host/build/lib/host/__init__.py -> /home/ryan/aeroprint/install/host/lib/python3.8/site-packages/host
[6.149s] copying /home/ryan/aeroprint/build/host/build/lib/host/test_node.py -> /home/ryan/aeroprint/install/host/lib/python3.8/site-packages/host
[6.152s] byte-compiling /home/ryan/aeroprint/install/host/lib/python3.8/site-packages/host/__init__.py to __init__.cpython-38.pyc
[6.154s] byte-compiling /home/ryan/aeroprint/install/host/lib/python3.8/site-packages/host/test_node.py to test_node.cpython-38.pyc
[6.154s] running install_data
[6.155s] creating /home/ryan/aeroprint/install/host/share/ament_index
[6.156s] creating /home/ryan/aeroprint/install/host/share/ament_index/resource_index
[6.157s] creating /home/ryan/aeroprint/install/host/share/ament_index/resource_index/packages
[6.157s] copying resource/host -> /home/ryan/aeroprint/install/host/share/ament_index/resource_index/packages
[6.158s] copying package.xml -> /home/ryan/aeroprint/install/host/share/host
[6.158s] running install_egg_info
[6.160s] Copying ../../build/host/host.egg-info to /home/ryan/aeroprint/install/host/lib/python3.8/site-packages/host-0.0.0-py3.8.egg-info
[6.162s] running install_scripts
[6.203s] Installing test_node script to /home/ryan/aeroprint/install/host/lib/host
[6.206s] writing list of installed files to '/home/ryan/aeroprint/build/host/install.log'
[6.765s] Invoked command in '/home/ryan/aeroprint/src/host' returned '0': PYTHONPATH=/home/ryan/aeroprint/build/host/prefix_override:/home/ryan/aeroprint/install/host/lib/python3.8/site-packages:${PYTHONPATH} /usr/bin/python3 setup.py egg_info --egg-base ../../build/host build --build-base /home/ryan/aeroprint/build/host/build install --record /home/ryan/aeroprint/build/host/install.log --install-scripts $base/lib/host --single-version-externally-managed
