[1.346s] Invoking command in '/home/ryan/aeroprint/src/starling': PYTHONPATH=/home/ryan/aeroprint/build/starling/prefix_override:/home/ryan/aeroprint/install/starling/lib/python3.8/site-packages:${PYTHONPATH} /usr/bin/python3 setup.py egg_info --egg-base ../../build/starling build --build-base /home/ryan/aeroprint/build/starling/build install --record /home/ryan/aeroprint/build/starling/install.log --install-scripts $base/lib/starling --single-version-externally-managed
[1.483s] running egg_info
[1.483s] writing ../../build/starling/starling.egg-info/PKG-INFO
[1.483s] writing dependency_links to ../../build/starling/starling.egg-info/dependency_links.txt
[1.484s] writing entry points to ../../build/starling/starling.egg-info/entry_points.txt
[1.484s] writing requirements to ../../build/starling/starling.egg-info/requires.txt
[1.484s] writing top-level names to ../../build/starling/starling.egg-info/top_level.txt
[1.507s] reading manifest file '../../build/starling/starling.egg-info/SOURCES.txt'
[1.508s] writing manifest file '../../build/starling/starling.egg-info/SOURCES.txt'
[1.508s] running build
[1.508s] running build_py
[1.508s] running install
[1.508s] running install_lib
[1.509s] running install_data
[1.509s] running install_egg_info
[1.510s] removing '/home/ryan/aeroprint/install/starling/lib/python3.8/site-packages/starling-0.0.0-py3.8.egg-info' (and everything under it)
[1.510s] Copying ../../build/starling/starling.egg-info to /home/ryan/aeroprint/install/starling/lib/python3.8/site-packages/starling-0.0.0-py3.8.egg-info
[1.511s] running install_scripts
[1.523s] Installing test_node script to /home/ryan/aeroprint/install/starling/lib/starling
[1.523s] Installing test_pub script to /home/ryan/aeroprint/install/starling/lib/starling
[1.523s] writing list of installed files to '/home/ryan/aeroprint/build/starling/install.log'
[1.540s] Invoked command in '/home/ryan/aeroprint/src/starling' returned '0': PYTHONPATH=/home/ryan/aeroprint/build/starling/prefix_override:/home/ryan/aeroprint/install/starling/lib/python3.8/site-packages:${PYTHONPATH} /usr/bin/python3 setup.py egg_info --egg-base ../../build/starling build --build-base /home/ryan/aeroprint/build/starling/build install --record /home/ryan/aeroprint/build/starling/install.log --install-scripts $base/lib/starling --single-version-externally-managed
