running egg_info
writing ../../build/starling/starling.egg-info/PKG-INFO
writing dependency_links to ../../build/starling/starling.egg-info/dependency_links.txt
writing entry points to ../../build/starling/starling.egg-info/entry_points.txt
writing requirements to ../../build/starling/starling.egg-info/requires.txt
writing top-level names to ../../build/starling/starling.egg-info/top_level.txt
reading manifest file '../../build/starling/starling.egg-info/SOURCES.txt'
writing manifest file '../../build/starling/starling.egg-info/SOURCES.txt'
running build
running build_py
running install
running install_lib
running install_data
copying launch/starling_launch.py -> /home/ryan/aeroprint/install/starling/share/starling/launch
running install_egg_info
removing '/home/ryan/aeroprint/install/starling/lib/python3.8/site-packages/starling-0.0.0-py3.8.egg-info' (and everything under it)
Copying ../../build/starling/starling.egg-info to /home/ryan/aeroprint/install/starling/lib/python3.8/site-packages/starling-0.0.0-py3.8.egg-info
running install_scripts
Installing test_node script to /home/ryan/aeroprint/install/starling/lib/starling
Installing test_pub script to /home/ryan/aeroprint/install/starling/lib/starling
writing list of installed files to '/home/ryan/aeroprint/build/starling/install.log'
