[5.637s] Invoking command in '/home/ryan/aeroprint/src/host': PYTHONPATH=/home/ryan/aeroprint/build/host/prefix_override:/home/ryan/aeroprint/install/host/lib/python3.8/site-packages:${PYTHONPATH} /usr/bin/python3 setup.py egg_info --egg-base ../../build/host build --build-base /home/ryan/aeroprint/build/host/build install --record /home/ryan/aeroprint/build/host/install.log --install-scripts $base/lib/host --single-version-externally-managed
[6.021s] running egg_info
[6.022s] writing ../../build/host/host.egg-info/PKG-INFO
[6.023s] writing dependency_links to ../../build/host/host.egg-info/dependency_links.txt
[6.024s] writing entry points to ../../build/host/host.egg-info/entry_points.txt
[6.024s] writing requirements to ../../build/host/host.egg-info/requires.txt
[6.025s] writing top-level names to ../../build/host/host.egg-info/top_level.txt
[6.105s] reading manifest file '../../build/host/host.egg-info/SOURCES.txt'
[6.107s] writing manifest file '../../build/host/host.egg-info/SOURCES.txt'
[6.107s] running build
[6.108s] running build_py
[6.109s] running install
[6.111s] running install_lib
[6.115s] running install_data
[6.116s] running install_egg_info
[6.124s] removing '/home/ryan/aeroprint/install/host/lib/python3.8/site-packages/host-0.0.0-py3.8.egg-info' (and everything under it)
[6.124s] Copying ../../build/host/host.egg-info to /home/ryan/aeroprint/install/host/lib/python3.8/site-packages/host-0.0.0-py3.8.egg-info
[6.126s] running install_scripts
[6.173s] Installing test_node script to /home/ryan/aeroprint/install/host/lib/host
[6.174s] writing list of installed files to '/home/ryan/aeroprint/build/host/install.log'
[6.827s] Invoked command in '/home/ryan/aeroprint/src/host' returned '0': PYTHONPATH=/home/ryan/aeroprint/build/host/prefix_override:/home/ryan/aeroprint/install/host/lib/python3.8/site-packages:${PYTHONPATH} /usr/bin/python3 setup.py egg_info --egg-base ../../build/host build --build-base /home/ryan/aeroprint/build/host/build install --record /home/ryan/aeroprint/build/host/install.log --install-scripts $base/lib/host --single-version-externally-managed
