running egg_info
writing ../../build/host/host.egg-info/PKG-INFO
writing dependency_links to ../../build/host/host.egg-info/dependency_links.txt
writing entry points to ../../build/host/host.egg-info/entry_points.txt
writing requirements to ../../build/host/host.egg-info/requires.txt
writing top-level names to ../../build/host/host.egg-info/top_level.txt
reading manifest file '../../build/host/host.egg-info/SOURCES.txt'
writing manifest file '../../build/host/host.egg-info/SOURCES.txt'
running build
running build_py
copying host/test_sub.py -> /home/ryan/aeroprint/build/host/build/lib/host
running install
running install_lib
copying /home/ryan/aeroprint/build/host/build/lib/host/test_sub.py -> /home/ryan/aeroprint/install/host/lib/python3.8/site-packages/host
byte-compiling /home/ryan/aeroprint/install/host/lib/python3.8/site-packages/host/test_sub.py to test_sub.cpython-38.pyc
running install_data
copying package.xml -> /home/ryan/aeroprint/install/host/share/host
running install_egg_info
removing '/home/ryan/aeroprint/install/host/lib/python3.8/site-packages/host-0.0.0-py3.8.egg-info' (and everything under it)
Copying ../../build/host/host.egg-info to /home/ryan/aeroprint/install/host/lib/python3.8/site-packages/host-0.0.0-py3.8.egg-info
running install_scripts
Installing test_node script to /home/ryan/aeroprint/install/host/lib/host
Installing test_sub script to /home/ryan/aeroprint/install/host/lib/host
writing list of installed files to '/home/ryan/aeroprint/build/host/install.log'
