[1.332s] Invoking command in '/home/ryan/aeroprint/src/host': PYTHONPATH=/home/ryan/aeroprint/build/host/prefix_override:/home/ryan/aeroprint/install/host/lib/python3.8/site-packages:${PYTHONPATH} /usr/bin/python3 setup.py egg_info --egg-base ../../build/host build --build-base /home/ryan/aeroprint/build/host/build install --record /home/ryan/aeroprint/build/host/install.log --install-scripts $base/lib/host --single-version-externally-managed
[1.439s] running egg_info
[1.440s] writing ../../build/host/host.egg-info/PKG-INFO
[1.440s] writing dependency_links to ../../build/host/host.egg-info/dependency_links.txt
[1.440s] writing entry points to ../../build/host/host.egg-info/entry_points.txt
[1.440s] writing requirements to ../../build/host/host.egg-info/requires.txt
[1.441s] writing top-level names to ../../build/host/host.egg-info/top_level.txt
[1.460s] reading manifest file '../../build/host/host.egg-info/SOURCES.txt'
[1.460s] writing manifest file '../../build/host/host.egg-info/SOURCES.txt'
[1.460s] running build
[1.460s] running build_py
[1.460s] copying host/test_sub.py -> /home/ryan/aeroprint/build/host/build/lib/host
[1.461s] running install
[1.461s] running install_lib
[1.462s] copying /home/ryan/aeroprint/build/host/build/lib/host/test_sub.py -> /home/ryan/aeroprint/install/host/lib/python3.8/site-packages/host
[1.462s] byte-compiling /home/ryan/aeroprint/install/host/lib/python3.8/site-packages/host/test_sub.py to test_sub.cpython-38.pyc
[1.463s] running install_data
[1.463s] copying package.xml -> /home/ryan/aeroprint/install/host/share/host
[1.464s] running install_egg_info
[1.464s] removing '/home/ryan/aeroprint/install/host/lib/python3.8/site-packages/host-0.0.0-py3.8.egg-info' (and everything under it)
[1.465s] Copying ../../build/host/host.egg-info to /home/ryan/aeroprint/install/host/lib/python3.8/site-packages/host-0.0.0-py3.8.egg-info
[1.465s] running install_scripts
[1.478s] Installing test_node script to /home/ryan/aeroprint/install/host/lib/host
[1.478s] Installing test_sub script to /home/ryan/aeroprint/install/host/lib/host
[1.478s] writing list of installed files to '/home/ryan/aeroprint/build/host/install.log'
[1.492s] Invoked command in '/home/ryan/aeroprint/src/host' returned '0': PYTHONPATH=/home/ryan/aeroprint/build/host/prefix_override:/home/ryan/aeroprint/install/host/lib/python3.8/site-packages:${PYTHONPATH} /usr/bin/python3 setup.py egg_info --egg-base ../../build/host build --build-base /home/ryan/aeroprint/build/host/build install --record /home/ryan/aeroprint/build/host/install.log --install-scripts $base/lib/host --single-version-externally-managed
