[1.257s] Invoking command in '/home/ryan/aeroprint/src/starling': PYTHONPATH=/home/ryan/aeroprint/build/starling/prefix_override:/home/ryan/aeroprint/install/starling/lib/python3.8/site-packages:${PYTHONPATH} /usr/bin/python3 setup.py egg_info --egg-base ../../build/starling build --build-base /home/ryan/aeroprint/build/starling/build install --record /home/ryan/aeroprint/build/starling/install.log --install-scripts $base/lib/starling --single-version-externally-managed
[1.385s] running egg_info
[1.385s] writing ../../build/starling/starling.egg-info/PKG-INFO
[1.385s] writing dependency_links to ../../build/starling/starling.egg-info/dependency_links.txt
[1.386s] writing entry points to ../../build/starling/starling.egg-info/entry_points.txt
[1.386s] writing requirements to ../../build/starling/starling.egg-info/requires.txt
[1.386s] writing top-level names to ../../build/starling/starling.egg-info/top_level.txt
[1.408s] reading manifest file '../../build/starling/starling.egg-info/SOURCES.txt'
[1.409s] writing manifest file '../../build/starling/starling.egg-info/SOURCES.txt'
[1.409s] running build
[1.409s] running build_py
[1.409s] running install
[1.410s] running install_lib
[1.410s] running install_data
[1.411s] creating /home/ryan/aeroprint/install/starling/share/starling/launch
[1.411s] running install_egg_info
[1.412s] removing '/home/ryan/aeroprint/install/starling/lib/python3.8/site-packages/starling-0.0.0-py3.8.egg-info' (and everything under it)
[1.412s] Copying ../../build/starling/starling.egg-info to /home/ryan/aeroprint/install/starling/lib/python3.8/site-packages/starling-0.0.0-py3.8.egg-info
[1.413s] running install_scripts
[1.424s] Installing test_node script to /home/ryan/aeroprint/install/starling/lib/starling
[1.424s] Installing test_pub script to /home/ryan/aeroprint/install/starling/lib/starling
[1.424s] writing list of installed files to '/home/ryan/aeroprint/build/starling/install.log'
[1.443s] Invoked command in '/home/ryan/aeroprint/src/starling' returned '0': PYTHONPATH=/home/ryan/aeroprint/build/starling/prefix_override:/home/ryan/aeroprint/install/starling/lib/python3.8/site-packages:${PYTHONPATH} /usr/bin/python3 setup.py egg_info --egg-base ../../build/starling build --build-base /home/ryan/aeroprint/build/starling/build install --record /home/ryan/aeroprint/build/starling/install.log --install-scripts $base/lib/starling --single-version-externally-managed
