[10.532s] DEBUG:colcon:Command line arguments: ['/usr/bin/colcon', 'build']
[10.532s] DEBUG:colcon:Parsed command line arguments: Namespace(allow_overriding=[], ament_cmake_args=None, base_paths=['.'], build_base='build', catkin_cmake_args=None, catkin_skip_building_tests=False, cmake_args=None, cmake_clean_cache=False, cmake_clean_first=False, cmake_force_configure=False, cmake_target=None, cmake_target_skip_unavailable=False, continue_on_error=False, event_handlers=None, executor='parallel', ignore_user_meta=False, install_base='install', log_base=None, log_level=None, main=<bound method BuildVerb.main of <colcon_core.verb.build.BuildVerb object at 0x7f37cc1e6670>>, merge_install=False, metas=['./colcon.meta'], packages_above=None, packages_above_and_dependencies=None, packages_above_depth=None, packages_end=None, packages_ignore=None, packages_ignore_regex=None, packages_select=None, packages_select_build_failed=False, packages_select_by_dep=None, packages_select_regex=None, packages_select_test_failures=False, packages_skip=None, packages_skip_build_finished=False, packages_skip_by_dep=None, packages_skip_regex=None, packages_skip_test_passed=False, packages_skip_up_to=None, packages_start=None, packages_up_to=None, packages_up_to_regex=None, parallel_workers=16, paths=None, symlink_install=False, test_result_base=None, verb_extension=<colcon_core.verb.build.BuildVerb object at 0x7f37cc1e6670>, verb_name='build', verb_parser=<colcon_defaults.argument_parser.defaults.DefaultArgumentsDecorator object at 0x7f37cc1df670>)
[10.969s] Level 1:colcon.colcon_core.package_discovery:discover_packages(colcon_meta) check parameters
[10.969s] Level 1:colcon.colcon_core.package_discovery:discover_packages(recursive) check parameters
[10.969s] Level 1:colcon.colcon_core.package_discovery:discover_packages(ignore) check parameters
[10.969s] Level 1:colcon.colcon_core.package_discovery:discover_packages(path) check parameters
[10.969s] Level 1:colcon.colcon_core.package_discovery:discover_packages(colcon_meta) discover
[10.969s] Level 1:colcon.colcon_core.package_discovery:discover_packages(recursive) discover
[10.969s] INFO:colcon.colcon_core.package_discovery:Crawling recursively for packages in '/home/ryan/aeroprint'
[10.970s] Level 1:colcon.colcon_core.package_identification:_identify(.) by extensions ['ignore', 'ignore_ament_install']
[10.970s] Level 1:colcon.colcon_core.package_identification:_identify(.) by extension 'ignore'
[10.970s] Level 1:colcon.colcon_core.package_identification:_identify(.) by extension 'ignore_ament_install'
[10.970s] Level 1:colcon.colcon_core.package_identification:_identify(.) by extensions ['colcon_pkg']
[10.970s] Level 1:colcon.colcon_core.package_identification:_identify(.) by extension 'colcon_pkg'
[10.971s] Level 1:colcon.colcon_core.package_identification:_identify(.) by extensions ['colcon_meta']
[10.971s] Level 1:colcon.colcon_core.package_identification:_identify(.) by extension 'colcon_meta'
[10.971s] Level 1:colcon.colcon_core.package_identification:_identify(.) by extensions ['ros']
[10.971s] Level 1:colcon.colcon_core.package_identification:_identify(.) by extension 'ros'
[11.033s] Level 1:colcon.colcon_core.package_identification:_identify(.) by extensions ['cmake', 'python']
[11.033s] Level 1:colcon.colcon_core.package_identification:_identify(.) by extension 'cmake'
[11.033s] Level 1:colcon.colcon_core.package_identification:_identify(.) by extension 'python'
[11.034s] Level 1:colcon.colcon_core.package_identification:_identify(.) by extensions ['python_setup_py']
[11.035s] Level 1:colcon.colcon_core.package_identification:_identify(.) by extension 'python_setup_py'
[11.036s] Level 1:colcon.colcon_core.package_identification:_identify(build) by extensions ['ignore', 'ignore_ament_install']
[11.036s] Level 1:colcon.colcon_core.package_identification:_identify(build) by extension 'ignore'
[11.036s] Level 1:colcon.colcon_core.package_identification:_identify(build) ignored
[11.037s] Level 1:colcon.colcon_core.package_identification:_identify(install) by extensions ['ignore', 'ignore_ament_install']
[11.037s] Level 1:colcon.colcon_core.package_identification:_identify(install) by extension 'ignore'
[11.037s] Level 1:colcon.colcon_core.package_identification:_identify(install) ignored
[11.037s] Level 1:colcon.colcon_core.package_identification:_identify(log) by extensions ['ignore', 'ignore_ament_install']
[11.037s] Level 1:colcon.colcon_core.package_identification:_identify(log) by extension 'ignore'
[11.037s] Level 1:colcon.colcon_core.package_identification:_identify(log) ignored
[11.038s] Level 1:colcon.colcon_core.package_identification:_identify(src) by extensions ['ignore', 'ignore_ament_install']
[11.038s] Level 1:colcon.colcon_core.package_identification:_identify(src) by extension 'ignore'
[11.038s] Level 1:colcon.colcon_core.package_identification:_identify(src) by extension 'ignore_ament_install'
[11.038s] Level 1:colcon.colcon_core.package_identification:_identify(src) by extensions ['colcon_pkg']
[11.038s] Level 1:colcon.colcon_core.package_identification:_identify(src) by extension 'colcon_pkg'
[11.038s] Level 1:colcon.colcon_core.package_identification:_identify(src) by extensions ['colcon_meta']
[11.038s] Level 1:colcon.colcon_core.package_identification:_identify(src) by extension 'colcon_meta'
[11.038s] Level 1:colcon.colcon_core.package_identification:_identify(src) by extensions ['ros']
[11.038s] Level 1:colcon.colcon_core.package_identification:_identify(src) by extension 'ros'
[11.038s] Level 1:colcon.colcon_core.package_identification:_identify(src) by extensions ['cmake', 'python']
[11.038s] Level 1:colcon.colcon_core.package_identification:_identify(src) by extension 'cmake'
[11.038s] Level 1:colcon.colcon_core.package_identification:_identify(src) by extension 'python'
[11.038s] Level 1:colcon.colcon_core.package_identification:_identify(src) by extensions ['python_setup_py']
[11.038s] Level 1:colcon.colcon_core.package_identification:_identify(src) by extension 'python_setup_py'
[11.039s] Level 1:colcon.colcon_core.package_identification:_identify(src/host) by extensions ['ignore', 'ignore_ament_install']
[11.039s] Level 1:colcon.colcon_core.package_identification:_identify(src/host) by extension 'ignore'
[11.039s] Level 1:colcon.colcon_core.package_identification:_identify(src/host) by extension 'ignore_ament_install'
[11.039s] Level 1:colcon.colcon_core.package_identification:_identify(src/host) by extensions ['colcon_pkg']
[11.039s] Level 1:colcon.colcon_core.package_identification:_identify(src/host) by extension 'colcon_pkg'
[11.039s] Level 1:colcon.colcon_core.package_identification:_identify(src/host) by extensions ['colcon_meta']
[11.039s] Level 1:colcon.colcon_core.package_identification:_identify(src/host) by extension 'colcon_meta'
[11.039s] Level 1:colcon.colcon_core.package_identification:_identify(src/host) by extensions ['ros']
[11.039s] Level 1:colcon.colcon_core.package_identification:_identify(src/host) by extension 'ros'
[11.045s] DEBUG:colcon.colcon_core.package_identification:Package 'src/host' with type 'ros.ament_python' and name 'host'
[11.046s] Level 1:colcon.colcon_core.package_identification:_identify(src/starling) by extensions ['ignore', 'ignore_ament_install']
[11.047s] Level 1:colcon.colcon_core.package_identification:_identify(src/starling) by extension 'ignore'
[11.047s] Level 1:colcon.colcon_core.package_identification:_identify(src/starling) by extension 'ignore_ament_install'
[11.047s] Level 1:colcon.colcon_core.package_identification:_identify(src/starling) by extensions ['colcon_pkg']
[11.047s] Level 1:colcon.colcon_core.package_identification:_identify(src/starling) by extension 'colcon_pkg'
[11.047s] Level 1:colcon.colcon_core.package_identification:_identify(src/starling) by extensions ['colcon_meta']
[11.047s] Level 1:colcon.colcon_core.package_identification:_identify(src/starling) by extension 'colcon_meta'
[11.047s] Level 1:colcon.colcon_core.package_identification:_identify(src/starling) by extensions ['ros']
[11.047s] Level 1:colcon.colcon_core.package_identification:_identify(src/starling) by extension 'ros'
[11.049s] DEBUG:colcon.colcon_core.package_identification:Package 'src/starling' with type 'ros.ament_python' and name 'starling'
[11.049s] Level 1:colcon.colcon_core.package_discovery:discover_packages(recursive) using defaults
[11.049s] Level 1:colcon.colcon_core.package_discovery:discover_packages(ignore) discover
[11.049s] Level 1:colcon.colcon_core.package_discovery:discover_packages(ignore) using defaults
[11.049s] Level 1:colcon.colcon_core.package_discovery:discover_packages(path) discover
[11.049s] Level 1:colcon.colcon_core.package_discovery:discover_packages(path) using defaults
[12.201s] Level 1:colcon.colcon_core.package_discovery:discover_packages(prefix_path) check parameters
[12.201s] Level 1:colcon.colcon_core.package_discovery:discover_packages(prefix_path) discover
[12.684s] DEBUG:colcon.colcon_installed_package_information.package_discovery:Found 2 installed packages in /home/ryan/aeroprint/install
[12.898s] DEBUG:colcon.colcon_installed_package_information.package_discovery:Found 256 installed packages in /opt/ros/foxy
[12.902s] Level 1:colcon.colcon_core.package_discovery:discover_packages(prefix_path) using defaults
[13.454s] Level 5:colcon.colcon_core.verb:set package 'host' build argument 'cmake_args' from command line to 'None'
[13.454s] Level 5:colcon.colcon_core.verb:set package 'host' build argument 'cmake_target' from command line to 'None'
[13.454s] Level 5:colcon.colcon_core.verb:set package 'host' build argument 'cmake_target_skip_unavailable' from command line to 'False'
[13.454s] Level 5:colcon.colcon_core.verb:set package 'host' build argument 'cmake_clean_cache' from command line to 'False'
[13.454s] Level 5:colcon.colcon_core.verb:set package 'host' build argument 'cmake_clean_first' from command line to 'False'
[13.454s] Level 5:colcon.colcon_core.verb:set package 'host' build argument 'cmake_force_configure' from command line to 'False'
[13.454s] Level 5:colcon.colcon_core.verb:set package 'host' build argument 'ament_cmake_args' from command line to 'None'
[13.454s] Level 5:colcon.colcon_core.verb:set package 'host' build argument 'catkin_cmake_args' from command line to 'None'
[13.455s] Level 5:colcon.colcon_core.verb:set package 'host' build argument 'catkin_skip_building_tests' from command line to 'False'
[13.455s] DEBUG:colcon.colcon_core.verb:Building package 'host' with the following arguments: {'ament_cmake_args': None, 'build_base': '/home/ryan/aeroprint/build/host', 'catkin_cmake_args': None, 'catkin_skip_building_tests': False, 'cmake_args': None, 'cmake_clean_cache': False, 'cmake_clean_first': False, 'cmake_force_configure': False, 'cmake_target': None, 'cmake_target_skip_unavailable': False, 'install_base': '/home/ryan/aeroprint/install/host', 'merge_install': False, 'path': '/home/ryan/aeroprint/src/host', 'symlink_install': False, 'test_result_base': None}
[13.632s] Level 5:colcon.colcon_core.verb:set package 'starling' build argument 'cmake_args' from command line to 'None'
[13.633s] Level 5:colcon.colcon_core.verb:set package 'starling' build argument 'cmake_target' from command line to 'None'
[13.633s] Level 5:colcon.colcon_core.verb:set package 'starling' build argument 'cmake_target_skip_unavailable' from command line to 'False'
[13.633s] Level 5:colcon.colcon_core.verb:set package 'starling' build argument 'cmake_clean_cache' from command line to 'False'
[13.633s] Level 5:colcon.colcon_core.verb:set package 'starling' build argument 'cmake_clean_first' from command line to 'False'
[13.633s] Level 5:colcon.colcon_core.verb:set package 'starling' build argument 'cmake_force_configure' from command line to 'False'
[13.633s] Level 5:colcon.colcon_core.verb:set package 'starling' build argument 'ament_cmake_args' from command line to 'None'
[13.633s] Level 5:colcon.colcon_core.verb:set package 'starling' build argument 'catkin_cmake_args' from command line to 'None'
[13.633s] Level 5:colcon.colcon_core.verb:set package 'starling' build argument 'catkin_skip_building_tests' from command line to 'False'
[13.633s] DEBUG:colcon.colcon_core.verb:Building package 'starling' with the following arguments: {'ament_cmake_args': None, 'build_base': '/home/ryan/aeroprint/build/starling', 'catkin_cmake_args': None, 'catkin_skip_building_tests': False, 'cmake_args': None, 'cmake_clean_cache': False, 'cmake_clean_first': False, 'cmake_force_configure': False, 'cmake_target': None, 'cmake_target_skip_unavailable': False, 'install_base': '/home/ryan/aeroprint/install/starling', 'merge_install': False, 'path': '/home/ryan/aeroprint/src/starling', 'symlink_install': False, 'test_result_base': None}
[13.798s] INFO:colcon.colcon_core.executor:Executing jobs using 'parallel' executor
[13.965s] DEBUG:colcon.colcon_parallel_executor.executor.parallel:run_until_complete
[13.966s] INFO:colcon.colcon_ros.task.ament_python.build:Building ROS package in '/home/ryan/aeroprint/src/host' with build type 'ament_python'
[13.967s] Level 1:colcon.colcon_core.shell:create_environment_hook('host', 'ament_prefix_path')
[14.171s] INFO:colcon.colcon_core.plugin_system:Skipping extension 'colcon_core.shell.bat': Not used on non-Windows systems
[14.172s] INFO:colcon.colcon_core.shell:Creating environment hook '/home/ryan/aeroprint/install/host/share/host/hook/ament_prefix_path.ps1'
[14.175s] INFO:colcon.colcon_core.shell:Creating environment descriptor '/home/ryan/aeroprint/install/host/share/host/hook/ament_prefix_path.dsv'
[14.176s] INFO:colcon.colcon_core.shell:Creating environment hook '/home/ryan/aeroprint/install/host/share/host/hook/ament_prefix_path.sh'
[14.365s] INFO:colcon.colcon_core.shell:Skip shell extension 'powershell' for command environment: Not usable outside of PowerShell
[14.365s] DEBUG:colcon.colcon_core.shell:Skip shell extension 'dsv' for command environment
[14.936s] INFO:colcon.colcon_ros.task.ament_python.build:Building ROS package in '/home/ryan/aeroprint/src/starling' with build type 'ament_python'
[14.937s] Level 1:colcon.colcon_core.shell:create_environment_hook('starling', 'ament_prefix_path')
[15.152s] INFO:colcon.colcon_core.shell:Creating environment hook '/home/ryan/aeroprint/install/starling/share/starling/hook/ament_prefix_path.ps1'
[15.155s] INFO:colcon.colcon_core.shell:Creating environment descriptor '/home/ryan/aeroprint/install/starling/share/starling/hook/ament_prefix_path.dsv'
[15.156s] INFO:colcon.colcon_core.shell:Creating environment hook '/home/ryan/aeroprint/install/starling/share/starling/hook/ament_prefix_path.sh'
[15.361s] INFO:colcon.colcon_core.shell:Skip shell extension 'powershell' for command environment: Not usable outside of PowerShell
[15.361s] DEBUG:colcon.colcon_core.shell:Skip shell extension 'dsv' for command environment
[16.405s] INFO:colcon.colcon_core.task.python.build:Building Python package in '/home/ryan/aeroprint/src/host'
[16.594s] INFO:colcon.colcon_core.shell:Skip shell extension 'powershell' for command environment: Not usable outside of PowerShell
[16.594s] DEBUG:colcon.colcon_core.shell:Skip shell extension 'dsv' for command environment
[17.853s] INFO:colcon.colcon_core.task.python.build:Building Python package in '/home/ryan/aeroprint/src/starling'
[18.031s] INFO:colcon.colcon_core.shell:Skip shell extension 'powershell' for command environment: Not usable outside of PowerShell
[18.031s] DEBUG:colcon.colcon_core.shell:Skip shell extension 'dsv' for command environment
[19.604s] DEBUG:colcon.colcon_core.event_handler.log_command:Invoking command in '/home/ryan/aeroprint/src/starling': PYTHONPATH=/home/ryan/aeroprint/build/starling/prefix_override:/home/ryan/aeroprint/install/starling/lib/python3.8/site-packages:${PYTHONPATH} /usr/bin/python3 setup.py egg_info --egg-base ../../build/starling build --build-base /home/ryan/aeroprint/build/starling/build install --record /home/ryan/aeroprint/build/starling/install.log --install-scripts $base/lib/starling --single-version-externally-managed
[19.618s] DEBUG:colcon.colcon_core.event_handler.log_command:Invoking command in '/home/ryan/aeroprint/src/host': PYTHONPATH=/home/ryan/aeroprint/build/host/prefix_override:/home/ryan/aeroprint/install/host/lib/python3.8/site-packages:${PYTHONPATH} /usr/bin/python3 setup.py egg_info --egg-base ../../build/host build --build-base /home/ryan/aeroprint/build/host/build install --record /home/ryan/aeroprint/build/host/install.log --install-scripts $base/lib/host --single-version-externally-managed
[20.173s] DEBUG:colcon.colcon_core.event_handler.log_command:Invoked command in '/home/ryan/aeroprint/src/starling' returned '0': PYTHONPATH=/home/ryan/aeroprint/build/starling/prefix_override:/home/ryan/aeroprint/install/starling/lib/python3.8/site-packages:${PYTHONPATH} /usr/bin/python3 setup.py egg_info --egg-base ../../build/starling build --build-base /home/ryan/aeroprint/build/starling/build install --record /home/ryan/aeroprint/build/starling/install.log --install-scripts $base/lib/starling --single-version-externally-managed
[20.361s] Level 1:colcon.colcon_core.environment:checking '/home/ryan/aeroprint/install/starling' for CMake module files
[20.362s] Level 1:colcon.colcon_core.environment:checking '/home/ryan/aeroprint/install/starling' for CMake config files
[20.363s] Level 1:colcon.colcon_core.environment:checking '/home/ryan/aeroprint/install/starling/lib'
[20.364s] Level 1:colcon.colcon_core.environment:checking '/home/ryan/aeroprint/install/starling/bin'
[20.364s] Level 1:colcon.colcon_core.environment:checking '/home/ryan/aeroprint/install/starling/lib/pkgconfig/starling.pc'
[20.364s] Level 1:colcon.colcon_core.environment:checking '/home/ryan/aeroprint/install/starling/lib/python3.8/site-packages'
[20.365s] Level 1:colcon.colcon_core.shell:create_environment_hook('starling', 'pythonpath')
[20.545s] INFO:colcon.colcon_core.shell:Creating environment hook '/home/ryan/aeroprint/install/starling/share/starling/hook/pythonpath.ps1'
[20.547s] INFO:colcon.colcon_core.shell:Creating environment descriptor '/home/ryan/aeroprint/install/starling/share/starling/hook/pythonpath.dsv'
[20.548s] INFO:colcon.colcon_core.shell:Creating environment hook '/home/ryan/aeroprint/install/starling/share/starling/hook/pythonpath.sh'
[20.549s] Level 1:colcon.colcon_core.environment:checking '/home/ryan/aeroprint/install/starling/bin'
[20.549s] Level 1:colcon.colcon_core.environment:create_environment_scripts_only(starling)
[20.719s] INFO:colcon.colcon_core.shell:Creating package script '/home/ryan/aeroprint/install/starling/share/starling/package.ps1'
[20.721s] INFO:colcon.colcon_core.shell:Creating package descriptor '/home/ryan/aeroprint/install/starling/share/starling/package.dsv'
[20.722s] INFO:colcon.colcon_core.shell:Creating package script '/home/ryan/aeroprint/install/starling/share/starling/package.sh'
[20.724s] INFO:colcon.colcon_core.shell:Creating package script '/home/ryan/aeroprint/install/starling/share/starling/package.bash'
[20.725s] INFO:colcon.colcon_core.shell:Creating package script '/home/ryan/aeroprint/install/starling/share/starling/package.zsh'
[20.726s] Level 1:colcon.colcon_core.environment:create_file_with_runtime_dependencies(/home/ryan/aeroprint/install/starling/share/colcon-core/packages/starling)
[20.731s] DEBUG:colcon.colcon_core.event_handler.log_command:Invoked command in '/home/ryan/aeroprint/src/host' returned '0': PYTHONPATH=/home/ryan/aeroprint/build/host/prefix_override:/home/ryan/aeroprint/install/host/lib/python3.8/site-packages:${PYTHONPATH} /usr/bin/python3 setup.py egg_info --egg-base ../../build/host build --build-base /home/ryan/aeroprint/build/host/build install --record /home/ryan/aeroprint/build/host/install.log --install-scripts $base/lib/host --single-version-externally-managed
[20.937s] Level 1:colcon.colcon_core.environment:checking '/home/ryan/aeroprint/install/host' for CMake module files
[20.938s] Level 1:colcon.colcon_core.environment:checking '/home/ryan/aeroprint/install/host' for CMake config files
[20.939s] Level 1:colcon.colcon_core.environment:checking '/home/ryan/aeroprint/install/host/lib'
[20.939s] Level 1:colcon.colcon_core.environment:checking '/home/ryan/aeroprint/install/host/bin'
[20.939s] Level 1:colcon.colcon_core.environment:checking '/home/ryan/aeroprint/install/host/lib/pkgconfig/host.pc'
[20.940s] Level 1:colcon.colcon_core.environment:checking '/home/ryan/aeroprint/install/host/lib/python3.8/site-packages'
[20.940s] Level 1:colcon.colcon_core.shell:create_environment_hook('host', 'pythonpath')
[21.121s] INFO:colcon.colcon_core.shell:Creating environment hook '/home/ryan/aeroprint/install/host/share/host/hook/pythonpath.ps1'
[21.122s] INFO:colcon.colcon_core.shell:Creating environment descriptor '/home/ryan/aeroprint/install/host/share/host/hook/pythonpath.dsv'
[21.122s] INFO:colcon.colcon_core.shell:Creating environment hook '/home/ryan/aeroprint/install/host/share/host/hook/pythonpath.sh'
[21.123s] Level 1:colcon.colcon_core.environment:checking '/home/ryan/aeroprint/install/host/bin'
[21.123s] Level 1:colcon.colcon_core.environment:create_environment_scripts_only(host)
[21.292s] INFO:colcon.colcon_core.shell:Creating package script '/home/ryan/aeroprint/install/host/share/host/package.ps1'
[21.294s] INFO:colcon.colcon_core.shell:Creating package descriptor '/home/ryan/aeroprint/install/host/share/host/package.dsv'
[21.295s] INFO:colcon.colcon_core.shell:Creating package script '/home/ryan/aeroprint/install/host/share/host/package.sh'
[21.296s] INFO:colcon.colcon_core.shell:Creating package script '/home/ryan/aeroprint/install/host/share/host/package.bash'
[21.297s] INFO:colcon.colcon_core.shell:Creating package script '/home/ryan/aeroprint/install/host/share/host/package.zsh'
[21.297s] Level 1:colcon.colcon_core.environment:create_file_with_runtime_dependencies(/home/ryan/aeroprint/install/host/share/colcon-core/packages/host)
[21.299s] DEBUG:colcon.colcon_parallel_executor.executor.parallel:closing loop
[21.300s] DEBUG:colcon.colcon_parallel_executor.executor.parallel:loop closed
[21.300s] DEBUG:colcon.colcon_parallel_executor.executor.parallel:run_until_complete finished with '0'
[21.301s] DEBUG:colcon.colcon_core.event_reactor:joining thread
[21.547s] INFO:colcon.colcon_core.plugin_system:Skipping extension 'colcon_notification.desktop_notification.notify_send': Could not find 'notify-send'
[21.547s] INFO:colcon.colcon_core.plugin_system:Skipping extension 'colcon_notification.desktop_notification.terminal_notifier': Not used on non-Darwin systems
[21.548s] INFO:colcon.colcon_core.plugin_system:Skipping extension 'colcon_notification.desktop_notification.win32': Not used on non-Windows systems
[21.548s] INFO:colcon.colcon_notification.desktop_notification:Sending desktop notification using 'notify2'
[21.550s] DEBUG:colcon.colcon_notification.desktop_notification.notify2:Failed to initialize notify2: org.freedesktop.DBus.Error.ServiceUnknown: The name org.freedesktop.Notifications was not provided by any .service files
[21.551s] DEBUG:colcon.colcon_core.event_reactor:joined thread
[21.733s] INFO:colcon.colcon_core.shell:Creating prefix script '/home/ryan/aeroprint/install/local_setup.ps1'
[21.735s] INFO:colcon.colcon_core.shell:Creating prefix util module '/home/ryan/aeroprint/install/_local_setup_util_ps1.py'
[21.741s] INFO:colcon.colcon_core.shell:Creating prefix chain script '/home/ryan/aeroprint/install/setup.ps1'
[21.915s] INFO:colcon.colcon_core.shell:Creating prefix script '/home/ryan/aeroprint/install/local_setup.sh'
[21.916s] INFO:colcon.colcon_core.shell:Creating prefix util module '/home/ryan/aeroprint/install/_local_setup_util_sh.py'
[21.917s] INFO:colcon.colcon_core.shell:Creating prefix chain script '/home/ryan/aeroprint/install/setup.sh'
[22.093s] INFO:colcon.colcon_core.shell:Creating prefix script '/home/ryan/aeroprint/install/local_setup.bash'
[22.094s] INFO:colcon.colcon_core.shell:Creating prefix chain script '/home/ryan/aeroprint/install/setup.bash'
[22.271s] INFO:colcon.colcon_core.shell:Creating prefix script '/home/ryan/aeroprint/install/local_setup.zsh'
[22.272s] INFO:colcon.colcon_core.shell:Creating prefix chain script '/home/ryan/aeroprint/install/setup.zsh'
