[2.528s] DEBUG:colcon:Command line arguments: ['/usr/bin/colcon', 'build']
[2.528s] DEBUG:colcon:Parsed command line arguments: Namespace(allow_overriding=[], ament_cmake_args=None, base_paths=['.'], build_base='build', catkin_cmake_args=None, catkin_skip_building_tests=False, cmake_args=None, cmake_clean_cache=False, cmake_clean_first=False, cmake_force_configure=False, cmake_target=None, cmake_target_skip_unavailable=False, continue_on_error=False, event_handlers=None, executor='parallel', ignore_user_meta=False, install_base='install', log_base=None, log_level=None, main=<bound method BuildVerb.main of <colcon_core.verb.build.BuildVerb object at 0x7f7589567f10>>, merge_install=False, metas=['./colcon.meta'], packages_above=None, packages_above_and_dependencies=None, packages_above_depth=None, packages_end=None, packages_ignore=None, packages_ignore_regex=None, packages_select=None, packages_select_build_failed=False, packages_select_by_dep=None, packages_select_regex=None, packages_select_test_failures=False, packages_skip=None, packages_skip_build_finished=False, packages_skip_by_dep=None, packages_skip_regex=None, packages_skip_test_passed=False, packages_skip_up_to=None, packages_start=None, packages_up_to=None, packages_up_to_regex=None, parallel_workers=16, paths=None, symlink_install=False, test_result_base=None, verb_extension=<colcon_core.verb.build.BuildVerb object at 0x7f7589567f10>, verb_name='build', verb_parser=<colcon_defaults.argument_parser.defaults.DefaultArgumentsDecorator object at 0x7f7589567880>)
[2.632s] Level 1:colcon.colcon_core.package_discovery:discover_packages(colcon_meta) check parameters
[2.632s] Level 1:colcon.colcon_core.package_discovery:discover_packages(recursive) check parameters
[2.632s] Level 1:colcon.colcon_core.package_discovery:discover_packages(ignore) check parameters
[2.632s] Level 1:colcon.colcon_core.package_discovery:discover_packages(path) check parameters
[2.632s] Level 1:colcon.colcon_core.package_discovery:discover_packages(colcon_meta) discover
[2.632s] Level 1:colcon.colcon_core.package_discovery:discover_packages(recursive) discover
[2.632s] INFO:colcon.colcon_core.package_discovery:Crawling recursively for packages in '/home/ryan/aeroprint'
[2.632s] Level 1:colcon.colcon_core.package_identification:_identify(.) by extensions ['ignore', 'ignore_ament_install']
[2.632s] Level 1:colcon.colcon_core.package_identification:_identify(.) by extension 'ignore'
[2.632s] Level 1:colcon.colcon_core.package_identification:_identify(.) by extension 'ignore_ament_install'
[2.632s] Level 1:colcon.colcon_core.package_identification:_identify(.) by extensions ['colcon_pkg']
[2.632s] Level 1:colcon.colcon_core.package_identification:_identify(.) by extension 'colcon_pkg'
[2.632s] Level 1:colcon.colcon_core.package_identification:_identify(.) by extensions ['colcon_meta']
[2.632s] Level 1:colcon.colcon_core.package_identification:_identify(.) by extension 'colcon_meta'
[2.632s] Level 1:colcon.colcon_core.package_identification:_identify(.) by extensions ['ros']
[2.632s] Level 1:colcon.colcon_core.package_identification:_identify(.) by extension 'ros'
[2.639s] Level 1:colcon.colcon_core.package_identification:_identify(.) by extensions ['cmake', 'python']
[2.639s] Level 1:colcon.colcon_core.package_identification:_identify(.) by extension 'cmake'
[2.639s] Level 1:colcon.colcon_core.package_identification:_identify(.) by extension 'python'
[2.639s] Level 1:colcon.colcon_core.package_identification:_identify(.) by extensions ['python_setup_py']
[2.639s] Level 1:colcon.colcon_core.package_identification:_identify(.) by extension 'python_setup_py'
[2.639s] Level 1:colcon.colcon_core.package_identification:_identify(build) by extensions ['ignore', 'ignore_ament_install']
[2.639s] Level 1:colcon.colcon_core.package_identification:_identify(build) by extension 'ignore'
[2.639s] Level 1:colcon.colcon_core.package_identification:_identify(build) ignored
[2.639s] Level 1:colcon.colcon_core.package_identification:_identify(install) by extensions ['ignore', 'ignore_ament_install']
[2.639s] Level 1:colcon.colcon_core.package_identification:_identify(install) by extension 'ignore'
[2.639s] Level 1:colcon.colcon_core.package_identification:_identify(install) ignored
[2.639s] Level 1:colcon.colcon_core.package_identification:_identify(log) by extensions ['ignore', 'ignore_ament_install']
[2.639s] Level 1:colcon.colcon_core.package_identification:_identify(log) by extension 'ignore'
[2.640s] Level 1:colcon.colcon_core.package_identification:_identify(log) ignored
[2.640s] Level 1:colcon.colcon_core.package_identification:_identify(src) by extensions ['ignore', 'ignore_ament_install']
[2.640s] Level 1:colcon.colcon_core.package_identification:_identify(src) by extension 'ignore'
[2.640s] Level 1:colcon.colcon_core.package_identification:_identify(src) by extension 'ignore_ament_install'
[2.640s] Level 1:colcon.colcon_core.package_identification:_identify(src) by extensions ['colcon_pkg']
[2.640s] Level 1:colcon.colcon_core.package_identification:_identify(src) by extension 'colcon_pkg'
[2.640s] Level 1:colcon.colcon_core.package_identification:_identify(src) by extensions ['colcon_meta']
[2.640s] Level 1:colcon.colcon_core.package_identification:_identify(src) by extension 'colcon_meta'
[2.640s] Level 1:colcon.colcon_core.package_identification:_identify(src) by extensions ['ros']
[2.640s] Level 1:colcon.colcon_core.package_identification:_identify(src) by extension 'ros'
[2.640s] Level 1:colcon.colcon_core.package_identification:_identify(src) by extensions ['cmake', 'python']
[2.640s] Level 1:colcon.colcon_core.package_identification:_identify(src) by extension 'cmake'
[2.640s] Level 1:colcon.colcon_core.package_identification:_identify(src) by extension 'python'
[2.640s] Level 1:colcon.colcon_core.package_identification:_identify(src) by extensions ['python_setup_py']
[2.640s] Level 1:colcon.colcon_core.package_identification:_identify(src) by extension 'python_setup_py'
[2.640s] Level 1:colcon.colcon_core.package_identification:_identify(src/host) by extensions ['ignore', 'ignore_ament_install']
[2.640s] Level 1:colcon.colcon_core.package_identification:_identify(src/host) by extension 'ignore'
[2.640s] Level 1:colcon.colcon_core.package_identification:_identify(src/host) by extension 'ignore_ament_install'
[2.640s] Level 1:colcon.colcon_core.package_identification:_identify(src/host) by extensions ['colcon_pkg']
[2.640s] Level 1:colcon.colcon_core.package_identification:_identify(src/host) by extension 'colcon_pkg'
[2.640s] Level 1:colcon.colcon_core.package_identification:_identify(src/host) by extensions ['colcon_meta']
[2.640s] Level 1:colcon.colcon_core.package_identification:_identify(src/host) by extension 'colcon_meta'
[2.640s] Level 1:colcon.colcon_core.package_identification:_identify(src/host) by extensions ['ros']
[2.640s] Level 1:colcon.colcon_core.package_identification:_identify(src/host) by extension 'ros'
[2.641s] DEBUG:colcon.colcon_core.package_identification:Package 'src/host' with type 'ros.ament_python' and name 'host'
[2.642s] Level 1:colcon.colcon_core.package_identification:_identify(src/starling) by extensions ['ignore', 'ignore_ament_install']
[2.642s] Level 1:colcon.colcon_core.package_identification:_identify(src/starling) by extension 'ignore'
[2.642s] Level 1:colcon.colcon_core.package_identification:_identify(src/starling) by extension 'ignore_ament_install'
[2.642s] Level 1:colcon.colcon_core.package_identification:_identify(src/starling) by extensions ['colcon_pkg']
[2.642s] Level 1:colcon.colcon_core.package_identification:_identify(src/starling) by extension 'colcon_pkg'
[2.642s] Level 1:colcon.colcon_core.package_identification:_identify(src/starling) by extensions ['colcon_meta']
[2.642s] Level 1:colcon.colcon_core.package_identification:_identify(src/starling) by extension 'colcon_meta'
[2.642s] Level 1:colcon.colcon_core.package_identification:_identify(src/starling) by extensions ['ros']
[2.642s] Level 1:colcon.colcon_core.package_identification:_identify(src/starling) by extension 'ros'
[2.642s] DEBUG:colcon.colcon_core.package_identification:Package 'src/starling' with type 'ros.ament_python' and name 'starling'
[2.642s] Level 1:colcon.colcon_core.package_discovery:discover_packages(recursive) using defaults
[2.642s] Level 1:colcon.colcon_core.package_discovery:discover_packages(ignore) discover
[2.642s] Level 1:colcon.colcon_core.package_discovery:discover_packages(ignore) using defaults
[2.642s] Level 1:colcon.colcon_core.package_discovery:discover_packages(path) discover
[2.642s] Level 1:colcon.colcon_core.package_discovery:discover_packages(path) using defaults
[2.871s] Level 1:colcon.colcon_core.package_discovery:discover_packages(prefix_path) check parameters
[2.871s] Level 1:colcon.colcon_core.package_discovery:discover_packages(prefix_path) discover
[2.960s] DEBUG:colcon.colcon_installed_package_information.package_discovery:Found 4 installed packages in /home/ryan/aeroprint/install
[3.005s] DEBUG:colcon.colcon_installed_package_information.package_discovery:Found 256 installed packages in /opt/ros/foxy
[3.006s] Level 1:colcon.colcon_core.package_discovery:discover_packages(prefix_path) using defaults
[3.146s] Level 5:colcon.colcon_core.verb:set package 'host' build argument 'cmake_args' from command line to 'None'
[3.147s] Level 5:colcon.colcon_core.verb:set package 'host' build argument 'cmake_target' from command line to 'None'
[3.147s] Level 5:colcon.colcon_core.verb:set package 'host' build argument 'cmake_target_skip_unavailable' from command line to 'False'
[3.147s] Level 5:colcon.colcon_core.verb:set package 'host' build argument 'cmake_clean_cache' from command line to 'False'
[3.147s] Level 5:colcon.colcon_core.verb:set package 'host' build argument 'cmake_clean_first' from command line to 'False'
[3.147s] Level 5:colcon.colcon_core.verb:set package 'host' build argument 'cmake_force_configure' from command line to 'False'
[3.147s] Level 5:colcon.colcon_core.verb:set package 'host' build argument 'ament_cmake_args' from command line to 'None'
[3.147s] Level 5:colcon.colcon_core.verb:set package 'host' build argument 'catkin_cmake_args' from command line to 'None'
[3.147s] Level 5:colcon.colcon_core.verb:set package 'host' build argument 'catkin_skip_building_tests' from command line to 'False'
[3.147s] DEBUG:colcon.colcon_core.verb:Building package 'host' with the following arguments: {'ament_cmake_args': None, 'build_base': '/home/ryan/aeroprint/build/host', 'catkin_cmake_args': None, 'catkin_skip_building_tests': False, 'cmake_args': None, 'cmake_clean_cache': False, 'cmake_clean_first': False, 'cmake_force_configure': False, 'cmake_target': None, 'cmake_target_skip_unavailable': False, 'install_base': '/home/ryan/aeroprint/install/host', 'merge_install': False, 'path': '/home/ryan/aeroprint/src/host', 'symlink_install': False, 'test_result_base': None}
[3.191s] Level 5:colcon.colcon_core.verb:set package 'starling' build argument 'cmake_args' from command line to 'None'
[3.191s] Level 5:colcon.colcon_core.verb:set package 'starling' build argument 'cmake_target' from command line to 'None'
[3.191s] Level 5:colcon.colcon_core.verb:set package 'starling' build argument 'cmake_target_skip_unavailable' from command line to 'False'
[3.191s] Level 5:colcon.colcon_core.verb:set package 'starling' build argument 'cmake_clean_cache' from command line to 'False'
[3.191s] Level 5:colcon.colcon_core.verb:set package 'starling' build argument 'cmake_clean_first' from command line to 'False'
[3.191s] Level 5:colcon.colcon_core.verb:set package 'starling' build argument 'cmake_force_configure' from command line to 'False'
[3.191s] Level 5:colcon.colcon_core.verb:set package 'starling' build argument 'ament_cmake_args' from command line to 'None'
[3.191s] Level 5:colcon.colcon_core.verb:set package 'starling' build argument 'catkin_cmake_args' from command line to 'None'
[3.191s] Level 5:colcon.colcon_core.verb:set package 'starling' build argument 'catkin_skip_building_tests' from command line to 'False'
[3.191s] DEBUG:colcon.colcon_core.verb:Building package 'starling' with the following arguments: {'ament_cmake_args': None, 'build_base': '/home/ryan/aeroprint/build/starling', 'catkin_cmake_args': None, 'catkin_skip_building_tests': False, 'cmake_args': None, 'cmake_clean_cache': False, 'cmake_clean_first': False, 'cmake_force_configure': False, 'cmake_target': None, 'cmake_target_skip_unavailable': False, 'install_base': '/home/ryan/aeroprint/install/starling', 'merge_install': False, 'path': '/home/ryan/aeroprint/src/starling', 'symlink_install': False, 'test_result_base': None}
[3.235s] INFO:colcon.colcon_core.executor:Executing jobs using 'parallel' executor
[3.279s] DEBUG:colcon.colcon_parallel_executor.executor.parallel:run_until_complete
[3.279s] INFO:colcon.colcon_ros.task.ament_python.build:Building ROS package in '/home/ryan/aeroprint/src/host' with build type 'ament_python'
[3.280s] Level 1:colcon.colcon_core.shell:create_environment_hook('host', 'ament_prefix_path')
[3.328s] INFO:colcon.colcon_core.plugin_system:Skipping extension 'colcon_core.shell.bat': Not used on non-Windows systems
[3.328s] INFO:colcon.colcon_core.shell:Creating environment hook '/home/ryan/aeroprint/install/host/share/host/hook/ament_prefix_path.ps1'
[3.329s] INFO:colcon.colcon_core.shell:Creating environment descriptor '/home/ryan/aeroprint/install/host/share/host/hook/ament_prefix_path.dsv'
[3.329s] INFO:colcon.colcon_core.shell:Creating environment hook '/home/ryan/aeroprint/install/host/share/host/hook/ament_prefix_path.sh'
[3.373s] INFO:colcon.colcon_core.shell:Skip shell extension 'powershell' for command environment: Not usable outside of PowerShell
[3.373s] DEBUG:colcon.colcon_core.shell:Skip shell extension 'dsv' for command environment
[3.511s] INFO:colcon.colcon_ros.task.ament_python.build:Building ROS package in '/home/ryan/aeroprint/src/starling' with build type 'ament_python'
[3.512s] Level 1:colcon.colcon_core.shell:create_environment_hook('starling', 'ament_prefix_path')
[3.561s] INFO:colcon.colcon_core.shell:Creating environment hook '/home/ryan/aeroprint/install/starling/share/starling/hook/ament_prefix_path.ps1'
[3.561s] INFO:colcon.colcon_core.shell:Creating environment descriptor '/home/ryan/aeroprint/install/starling/share/starling/hook/ament_prefix_path.dsv'
[3.562s] INFO:colcon.colcon_core.shell:Creating environment hook '/home/ryan/aeroprint/install/starling/share/starling/hook/ament_prefix_path.sh'
[3.610s] INFO:colcon.colcon_core.shell:Skip shell extension 'powershell' for command environment: Not usable outside of PowerShell
[3.610s] DEBUG:colcon.colcon_core.shell:Skip shell extension 'dsv' for command environment
[3.862s] INFO:colcon.colcon_core.task.python.build:Building Python package in '/home/ryan/aeroprint/src/host'
[3.907s] INFO:colcon.colcon_core.shell:Skip shell extension 'powershell' for command environment: Not usable outside of PowerShell
[3.907s] DEBUG:colcon.colcon_core.shell:Skip shell extension 'dsv' for command environment
[4.159s] INFO:colcon.colcon_core.task.python.build:Building Python package in '/home/ryan/aeroprint/src/starling'
[4.206s] INFO:colcon.colcon_core.shell:Skip shell extension 'powershell' for command environment: Not usable outside of PowerShell
[4.206s] DEBUG:colcon.colcon_core.shell:Skip shell extension 'dsv' for command environment
[4.580s] DEBUG:colcon.colcon_core.event_handler.log_command:Invoking command in '/home/ryan/aeroprint/src/host': PYTHONPATH=/home/ryan/aeroprint/build/host/prefix_override:/home/ryan/aeroprint/install/host/lib/python3.8/site-packages:${PYTHONPATH} /usr/bin/python3 setup.py egg_info --egg-base ../../build/host build --build-base /home/ryan/aeroprint/build/host/build install --record /home/ryan/aeroprint/build/host/install.log --install-scripts $base/lib/host --single-version-externally-managed
[4.586s] DEBUG:colcon.colcon_core.event_handler.log_command:Invoking command in '/home/ryan/aeroprint/src/starling': PYTHONPATH=/home/ryan/aeroprint/build/starling/prefix_override:/home/ryan/aeroprint/install/starling/lib/python3.8/site-packages:${PYTHONPATH} /usr/bin/python3 setup.py egg_info --egg-base ../../build/starling build --build-base /home/ryan/aeroprint/build/starling/build install --record /home/ryan/aeroprint/build/starling/install.log --install-scripts $base/lib/starling --single-version-externally-managed
[4.741s] DEBUG:colcon.colcon_core.event_handler.log_command:Invoked command in '/home/ryan/aeroprint/src/starling' returned '0': PYTHONPATH=/home/ryan/aeroprint/build/starling/prefix_override:/home/ryan/aeroprint/install/starling/lib/python3.8/site-packages:${PYTHONPATH} /usr/bin/python3 setup.py egg_info --egg-base ../../build/starling build --build-base /home/ryan/aeroprint/build/starling/build install --record /home/ryan/aeroprint/build/starling/install.log --install-scripts $base/lib/starling --single-version-externally-managed
[4.788s] Level 1:colcon.colcon_core.environment:checking '/home/ryan/aeroprint/install/starling' for CMake module files
[4.788s] Level 1:colcon.colcon_core.environment:checking '/home/ryan/aeroprint/install/starling' for CMake config files
[4.788s] Level 1:colcon.colcon_core.environment:checking '/home/ryan/aeroprint/install/starling/lib'
[4.788s] Level 1:colcon.colcon_core.environment:checking '/home/ryan/aeroprint/install/starling/bin'
[4.789s] Level 1:colcon.colcon_core.environment:checking '/home/ryan/aeroprint/install/starling/lib/pkgconfig/starling.pc'
[4.789s] Level 1:colcon.colcon_core.environment:checking '/home/ryan/aeroprint/install/starling/lib/python3.8/site-packages'
[4.789s] Level 1:colcon.colcon_core.shell:create_environment_hook('starling', 'pythonpath')
[4.834s] INFO:colcon.colcon_core.shell:Creating environment hook '/home/ryan/aeroprint/install/starling/share/starling/hook/pythonpath.ps1'
[4.835s] INFO:colcon.colcon_core.shell:Creating environment descriptor '/home/ryan/aeroprint/install/starling/share/starling/hook/pythonpath.dsv'
[4.835s] INFO:colcon.colcon_core.shell:Creating environment hook '/home/ryan/aeroprint/install/starling/share/starling/hook/pythonpath.sh'
[4.835s] Level 1:colcon.colcon_core.environment:checking '/home/ryan/aeroprint/install/starling/bin'
[4.835s] Level 1:colcon.colcon_core.environment:create_environment_scripts_only(starling)
[4.881s] INFO:colcon.colcon_core.shell:Creating package script '/home/ryan/aeroprint/install/starling/share/starling/package.ps1'
[4.881s] INFO:colcon.colcon_core.shell:Creating package descriptor '/home/ryan/aeroprint/install/starling/share/starling/package.dsv'
[4.882s] INFO:colcon.colcon_core.shell:Creating package script '/home/ryan/aeroprint/install/starling/share/starling/package.sh'
[4.882s] INFO:colcon.colcon_core.shell:Creating package script '/home/ryan/aeroprint/install/starling/share/starling/package.bash'
[4.883s] INFO:colcon.colcon_core.shell:Creating package script '/home/ryan/aeroprint/install/starling/share/starling/package.zsh'
[4.883s] Level 1:colcon.colcon_core.environment:create_file_with_runtime_dependencies(/home/ryan/aeroprint/install/starling/share/colcon-core/packages/starling)
[4.885s] DEBUG:colcon.colcon_core.event_handler.log_command:Invoked command in '/home/ryan/aeroprint/src/host' returned '0': PYTHONPATH=/home/ryan/aeroprint/build/host/prefix_override:/home/ryan/aeroprint/install/host/lib/python3.8/site-packages:${PYTHONPATH} /usr/bin/python3 setup.py egg_info --egg-base ../../build/host build --build-base /home/ryan/aeroprint/build/host/build install --record /home/ryan/aeroprint/build/host/install.log --install-scripts $base/lib/host --single-version-externally-managed
[4.931s] Level 1:colcon.colcon_core.environment:checking '/home/ryan/aeroprint/install/host' for CMake module files
[4.931s] Level 1:colcon.colcon_core.environment:checking '/home/ryan/aeroprint/install/host' for CMake config files
[4.931s] Level 1:colcon.colcon_core.environment:checking '/home/ryan/aeroprint/install/host/lib'
[4.932s] Level 1:colcon.colcon_core.environment:checking '/home/ryan/aeroprint/install/host/bin'
[4.932s] Level 1:colcon.colcon_core.environment:checking '/home/ryan/aeroprint/install/host/lib/pkgconfig/host.pc'
[4.932s] Level 1:colcon.colcon_core.environment:checking '/home/ryan/aeroprint/install/host/lib/python3.8/site-packages'
[4.932s] Level 1:colcon.colcon_core.shell:create_environment_hook('host', 'pythonpath')
[4.975s] INFO:colcon.colcon_core.shell:Creating environment hook '/home/ryan/aeroprint/install/host/share/host/hook/pythonpath.ps1'
[4.976s] INFO:colcon.colcon_core.shell:Creating environment descriptor '/home/ryan/aeroprint/install/host/share/host/hook/pythonpath.dsv'
[4.976s] INFO:colcon.colcon_core.shell:Creating environment hook '/home/ryan/aeroprint/install/host/share/host/hook/pythonpath.sh'
[4.976s] Level 1:colcon.colcon_core.environment:checking '/home/ryan/aeroprint/install/host/bin'
[4.976s] Level 1:colcon.colcon_core.environment:create_environment_scripts_only(host)
[5.023s] INFO:colcon.colcon_core.shell:Creating package script '/home/ryan/aeroprint/install/host/share/host/package.ps1'
[5.024s] INFO:colcon.colcon_core.shell:Creating package descriptor '/home/ryan/aeroprint/install/host/share/host/package.dsv'
[5.024s] INFO:colcon.colcon_core.shell:Creating package script '/home/ryan/aeroprint/install/host/share/host/package.sh'
[5.025s] INFO:colcon.colcon_core.shell:Creating package script '/home/ryan/aeroprint/install/host/share/host/package.bash'
[5.025s] INFO:colcon.colcon_core.shell:Creating package script '/home/ryan/aeroprint/install/host/share/host/package.zsh'
[5.025s] Level 1:colcon.colcon_core.environment:create_file_with_runtime_dependencies(/home/ryan/aeroprint/install/host/share/colcon-core/packages/host)
[5.025s] DEBUG:colcon.colcon_parallel_executor.executor.parallel:closing loop
[5.026s] DEBUG:colcon.colcon_parallel_executor.executor.parallel:loop closed
[5.027s] DEBUG:colcon.colcon_parallel_executor.executor.parallel:run_until_complete finished with '0'
[5.027s] DEBUG:colcon.colcon_core.event_reactor:joining thread
[5.144s] INFO:colcon.colcon_core.plugin_system:Skipping extension 'colcon_notification.desktop_notification.notify_send': Could not find 'notify-send'
[5.144s] INFO:colcon.colcon_core.plugin_system:Skipping extension 'colcon_notification.desktop_notification.terminal_notifier': Not used on non-Darwin systems
[5.144s] INFO:colcon.colcon_core.plugin_system:Skipping extension 'colcon_notification.desktop_notification.win32': Not used on non-Windows systems
[5.144s] INFO:colcon.colcon_notification.desktop_notification:Sending desktop notification using 'notify2'
[5.146s] DEBUG:colcon.colcon_notification.desktop_notification.notify2:Failed to initialize notify2: org.freedesktop.DBus.Error.ServiceUnknown: The name org.freedesktop.Notifications was not provided by any .service files
[5.146s] DEBUG:colcon.colcon_core.event_reactor:joined thread
[5.192s] INFO:colcon.colcon_core.shell:Creating prefix script '/home/ryan/aeroprint/install/local_setup.ps1'
[5.193s] INFO:colcon.colcon_core.shell:Creating prefix util module '/home/ryan/aeroprint/install/_local_setup_util_ps1.py'
[5.193s] INFO:colcon.colcon_core.shell:Creating prefix chain script '/home/ryan/aeroprint/install/setup.ps1'
[5.238s] INFO:colcon.colcon_core.shell:Creating prefix script '/home/ryan/aeroprint/install/local_setup.sh'
[5.238s] INFO:colcon.colcon_core.shell:Creating prefix util module '/home/ryan/aeroprint/install/_local_setup_util_sh.py'
[5.239s] INFO:colcon.colcon_core.shell:Creating prefix chain script '/home/ryan/aeroprint/install/setup.sh'
[5.284s] INFO:colcon.colcon_core.shell:Creating prefix script '/home/ryan/aeroprint/install/local_setup.bash'
[5.285s] INFO:colcon.colcon_core.shell:Creating prefix chain script '/home/ryan/aeroprint/install/setup.bash'
[5.329s] INFO:colcon.colcon_core.shell:Creating prefix script '/home/ryan/aeroprint/install/local_setup.zsh'
[5.329s] INFO:colcon.colcon_core.shell:Creating prefix chain script '/home/ryan/aeroprint/install/setup.zsh'
